{"/home/travis/build/npmtest/node-npmtest-happypack/test.js":{"path":"/home/travis/build/npmtest/node-npmtest-happypack/test.js","s":{"1":2,"2":2,"3":2,"4":2,"5":2,"6":2,"7":2,"8":1,"9":2,"10":2,"11":1,"12":1,"13":1,"14":1,"15":2,"16":2,"17":2,"18":2,"19":1,"20":1,"21":2,"22":2,"23":2,"24":1,"25":1,"26":1,"27":1,"28":1,"29":1,"30":1,"31":1,"32":1,"33":1,"34":1,"35":1,"36":1,"37":1,"38":1,"39":2,"40":2,"41":1,"42":2,"43":2,"44":1,"45":2,"46":2,"47":1,"48":2,"49":2,"50":1,"51":1,"52":1,"53":1,"54":1},"b":{"1":[2,1,1,1],"2":[1,1,1,1],"3":[1,1],"4":[1,1],"5":[1,1],"6":[1,1],"7":[1,1],"8":[1,1],"9":[1,1],"10":[1,1,1],"11":[1,1],"12":[1,1],"13":[1,1],"14":[1,1],"15":[1,1],"16":[1,1],"17":[1,1]},"f":{"1":2,"2":2,"3":2,"4":2,"5":2,"6":1,"7":1,"8":1,"9":2,"10":2,"11":2,"12":2,"13":1},"fnMap":{"1":{"name":"(anonymous_1)","line":12,"loc":{"start":{"line":12,"column":1},"end":{"line":12,"column":13}}},"2":{"name":"(anonymous_2)","line":19,"loc":{"start":{"line":19,"column":5},"end":{"line":19,"column":17}}},"3":{"name":"(anonymous_3)","line":23,"loc":{"start":{"line":23,"column":24},"end":{"line":23,"column":36}}},"4":{"name":"(anonymous_4)","line":61,"loc":{"start":{"line":61,"column":5},"end":{"line":61,"column":17}}},"5":{"name":"(anonymous_5)","line":82,"loc":{"start":{"line":82,"column":5},"end":{"line":82,"column":17}}},"6":{"name":"(anonymous_6)","line":91,"loc":{"start":{"line":91,"column":77},"end":{"line":94,"column":10}}},"7":{"name":"(anonymous_7)","line":112,"loc":{"start":{"line":112,"column":83},"end":{"line":115,"column":10}},"skip":true},"8":{"name":"(anonymous_8)","line":123,"loc":{"start":{"line":123,"column":77},"end":{"line":126,"column":10}},"skip":true},"9":{"name":"(anonymous_9)","line":139,"loc":{"start":{"line":139,"column":12},"end":{"line":139,"column":40}},"skip":true},"10":{"name":"(anonymous_10)","line":147,"loc":{"start":{"line":147,"column":77},"end":{"line":150,"column":10}},"skip":true},"11":{"name":"(anonymous_11)","line":158,"loc":{"start":{"line":158,"column":83},"end":{"line":161,"column":10}},"skip":true},"12":{"name":"(anonymous_12)","line":169,"loc":{"start":{"line":169,"column":79},"end":{"line":172,"column":10}},"skip":true},"13":{"name":"(anonymous_13)","line":180,"loc":{"start":{"line":180,"column":75},"end":{"line":183,"column":10}},"skip":true}},"statementMap":{"1":{"start":{"line":12,"column":0},"end":{"line":195,"column":5}},"2":{"start":{"line":14,"column":4},"end":{"line":14,"column":14}},"3":{"start":{"line":19,"column":4},"end":{"line":56,"column":9}},"4":{"start":{"line":21,"column":8},"end":{"line":21,"column":19}},"5":{"start":{"line":23,"column":8},"end":{"line":35,"column":13}},"6":{"start":{"line":24,"column":12},"end":{"line":34,"column":13}},"7":{"start":{"line":25,"column":16},"end":{"line":28,"column":30}},"8":{"start":{"line":30,"column":16},"end":{"line":33,"column":27}},"9":{"start":{"line":37,"column":8},"end":{"line":39,"column":21}},"10":{"start":{"line":40,"column":8},"end":{"line":53,"column":9}},"11":{"start":{"line":43,"column":12},"end":{"line":46,"column":14}},"12":{"start":{"line":47,"column":12},"end":{"line":47,"column":18}},"13":{"start":{"line":50,"column":12},"end":{"line":51,"column":33}},"14":{"start":{"line":52,"column":12},"end":{"line":52,"column":18}},"15":{"start":{"line":55,"column":8},"end":{"line":55,"column":35}},"16":{"start":{"line":61,"column":4},"end":{"line":63,"column":9}},"17":{"start":{"line":62,"column":8},"end":{"line":62,"column":15}},"18":{"start":{"line":64,"column":4},"end":{"line":77,"column":5}},"19":{"start":{"line":70,"column":8},"end":{"line":70,"column":14}},"20":{"start":{"line":76,"column":8},"end":{"line":76,"column":14}},"21":{"start":{"line":82,"column":4},"end":{"line":84,"column":9}},"22":{"start":{"line":83,"column":8},"end":{"line":83,"column":15}},"23":{"start":{"line":85,"column":4},"end":{"line":194,"column":5}},"24":{"start":{"line":91,"column":8},"end":{"line":99,"column":10}},"25":{"start":{"line":98,"column":12},"end":{"line":98,"column":35}},"26":{"start":{"line":102,"column":8},"end":{"line":104,"column":63}},"27":{"start":{"line":105,"column":8},"end":{"line":105,"column":14}},"28":{"start":{"line":112,"column":8},"end":{"line":121,"column":10},"skip":true},"29":{"start":{"line":119,"column":12},"end":{"line":119,"column":55},"skip":true},"30":{"start":{"line":120,"column":12},"end":{"line":120,"column":48},"skip":true},"31":{"start":{"line":123,"column":8},"end":{"line":136,"column":10},"skip":true},"32":{"start":{"line":130,"column":12},"end":{"line":130,"column":76},"skip":true},"33":{"start":{"line":131,"column":12},"end":{"line":131,"column":73},"skip":true},"34":{"start":{"line":132,"column":12},"end":{"line":132,"column":74},"skip":true},"35":{"start":{"line":133,"column":12},"end":{"line":133,"column":79},"skip":true},"36":{"start":{"line":134,"column":12},"end":{"line":134,"column":25},"skip":true},"37":{"start":{"line":135,"column":12},"end":{"line":135,"column":45},"skip":true},"38":{"start":{"line":138,"column":8},"end":{"line":145,"column":14},"skip":true},"39":{"start":{"line":143,"column":16},"end":{"line":143,"column":29},"skip":true},"40":{"start":{"line":144,"column":16},"end":{"line":144,"column":55},"skip":true},"41":{"start":{"line":147,"column":8},"end":{"line":156,"column":10},"skip":true},"42":{"start":{"line":154,"column":12},"end":{"line":154,"column":25},"skip":true},"43":{"start":{"line":155,"column":12},"end":{"line":155,"column":45},"skip":true},"44":{"start":{"line":158,"column":8},"end":{"line":167,"column":10},"skip":true},"45":{"start":{"line":165,"column":12},"end":{"line":165,"column":25},"skip":true},"46":{"start":{"line":166,"column":12},"end":{"line":166,"column":48},"skip":true},"47":{"start":{"line":169,"column":8},"end":{"line":178,"column":10},"skip":true},"48":{"start":{"line":176,"column":12},"end":{"line":176,"column":25},"skip":true},"49":{"start":{"line":177,"column":12},"end":{"line":177,"column":46},"skip":true},"50":{"start":{"line":180,"column":8},"end":{"line":189,"column":10},"skip":true},"51":{"start":{"line":187,"column":12},"end":{"line":187,"column":94},"skip":true},"52":{"start":{"line":188,"column":12},"end":{"line":188,"column":48},"skip":true},"53":{"start":{"line":192,"column":8},"end":{"line":192,"column":35},"skip":true},"54":{"start":{"line":193,"column":8},"end":{"line":193,"column":14},"skip":true}},"branchMap":{"1":{"line":25,"type":"binary-expr","locations":[{"start":{"line":25,"column":23},"end":{"line":25,"column":62}},{"start":{"line":26,"column":20},"end":{"line":26,"column":70}},{"start":{"line":27,"column":20},"end":{"line":27,"column":71}},{"start":{"line":28,"column":20},"end":{"line":28,"column":29}}]},"2":{"line":30,"type":"binary-expr","locations":[{"start":{"line":30,"column":23},"end":{"line":30,"column":37}},{"start":{"line":31,"column":20},"end":{"line":31,"column":61}},{"start":{"line":32,"column":20},"end":{"line":32,"column":70}},{"start":{"line":33,"column":20},"end":{"line":33,"column":26}}]},"3":{"line":37,"type":"cond-expr","locations":[{"start":{"line":38,"column":14},"end":{"line":38,"column":20}},{"start":{"line":39,"column":14},"end":{"line":39,"column":20}}]},"4":{"line":40,"type":"switch","locations":[{"start":{"line":42,"column":8},"end":{"line":47,"column":18}},{"start":{"line":49,"column":8},"end":{"line":52,"column":18}}]},"5":{"line":44,"type":"binary-expr","locations":[{"start":{"line":44,"column":16},"end":{"line":44,"column":44}},{"start":{"line":44,"column":48},"end":{"line":44,"column":66}}]},"6":{"line":50,"type":"binary-expr","locations":[{"start":{"line":50,"column":21},"end":{"line":50,"column":49}},{"start":{"line":50,"column":53},"end":{"line":50,"column":72}}]},"7":{"line":64,"type":"switch","locations":[{"start":{"line":69,"column":4},"end":{"line":70,"column":14}},{"start":{"line":75,"column":4},"end":{"line":76,"column":14}}]},"8":{"line":85,"type":"switch","locations":[{"start":{"line":90,"column":4},"end":{"line":105,"column":14}},{"start":{"line":111,"column":4},"end":{"line":193,"column":14},"skip":true}]},"9":{"line":91,"type":"binary-expr","locations":[{"start":{"line":91,"column":42},"end":{"line":91,"column":73}},{"start":{"line":91,"column":77},"end":{"line":99,"column":9}}]},"10":{"line":102,"type":"binary-expr","locations":[{"start":{"line":102,"column":18},"end":{"line":102,"column":32}},{"start":{"line":103,"column":12},"end":{"line":103,"column":53}},{"start":{"line":104,"column":12},"end":{"line":104,"column":61}}]},"11":{"line":112,"type":"binary-expr","locations":[{"start":{"line":112,"column":45},"end":{"line":112,"column":79},"skip":true},{"start":{"line":112,"column":83},"end":{"line":121,"column":9},"skip":true}]},"12":{"line":123,"type":"binary-expr","locations":[{"start":{"line":123,"column":42},"end":{"line":123,"column":73},"skip":true},{"start":{"line":123,"column":77},"end":{"line":136,"column":9},"skip":true}]},"13":{"line":138,"type":"binary-expr","locations":[{"start":{"line":138,"column":48},"end":{"line":138,"column":85},"skip":true},{"start":{"line":139,"column":12},"end":{"line":145,"column":13},"skip":true}]},"14":{"line":147,"type":"binary-expr","locations":[{"start":{"line":147,"column":42},"end":{"line":147,"column":73},"skip":true},{"start":{"line":147,"column":77},"end":{"line":156,"column":9},"skip":true}]},"15":{"line":158,"type":"binary-expr","locations":[{"start":{"line":158,"column":45},"end":{"line":158,"column":79},"skip":true},{"start":{"line":158,"column":83},"end":{"line":167,"column":9},"skip":true}]},"16":{"line":169,"type":"binary-expr","locations":[{"start":{"line":169,"column":43},"end":{"line":169,"column":75},"skip":true},{"start":{"line":169,"column":79},"end":{"line":178,"column":9},"skip":true}]},"17":{"line":180,"type":"binary-expr","locations":[{"start":{"line":180,"column":41},"end":{"line":180,"column":71},"skip":true},{"start":{"line":180,"column":75},"end":{"line":189,"column":9},"skip":true}]}},"code":["/* istanbul instrument in package npmtest_happypack */","/*jslint","    bitwise: true,","    browser: true,","    maxerr: 8,","    maxlen: 96,","    node: true,","    nomen: true,","    regexp: true,","    stupid: true","*/","(function () {","    'use strict';","    var local;","","","","    // run shared js-env code - pre-init","    (function () {","        // init local","        local = {};","        // init modeJs","        local.modeJs = (function () {","            try {","                return typeof navigator.userAgent === 'string' &&","                    typeof document.querySelector('body') === 'object' &&","                    typeof XMLHttpRequest.prototype.open === 'function' &&","                    'browser';","            } catch (errorCaughtBrowser) {","                return module.exports &&","                    typeof process.versions.node === 'string' &&","                    typeof require('http').createServer === 'function' &&","                    'node';","            }","        }());","        // init global","        local.global = local.modeJs === 'browser'","            ? window","            : global;","        switch (local.modeJs) {","        // re-init local from window.local","        case 'browser':","            local = local.global.utility2.objectSetDefault(","                local.global.utility2_rollup || local.global.local,","                local.global.utility2","            );","            break;","        // re-init local from example.js","        case 'node':","            local = (local.global.utility2_rollup || require('utility2'))","                .requireReadme();","            break;","        }","        // export local","        local.global.local = local;","    }());","","","","    // run shared js-env code - function","    (function () {","        return;","    }());","    switch (local.modeJs) {","","","","    // run browser js-env code - function","    case 'browser':","        break;","","","","    // run node js-env code - function","    case 'node':","        break;","    }","","","","    // run shared js-env code - post-init","    (function () {","        return;","    }());","    switch (local.modeJs) {","","","","    // run browser js-env code - post-init","    case 'browser':","        local.testCase_browser_nullCase = local.testCase_browser_nullCase || function (","            options,","            onError","        ) {","        /*","         * this function will test browsers's null-case handling-behavior-behavior","         */","            onError(null, options);","        };","","        // run tests","        local.nop(local.modeTest &&","            document.querySelector('#testRunButton1') &&","            document.querySelector('#testRunButton1').click());","        break;","","","","    // run node js-env code - post-init","    /* istanbul ignore next */","    case 'node':","        local.testCase_buildApidoc_default = local.testCase_buildApidoc_default || function (","            options,","            onError","        ) {","        /*","         * this function will test buildApidoc's default handling-behavior-behavior","         */","            options = { modulePathList: module.paths };","            local.buildApidoc(options, onError);","        };","","        local.testCase_buildApp_default = local.testCase_buildApp_default || function (","            options,","            onError","        ) {","        /*","         * this function will test buildApp's default handling-behavior-behavior","         */","            local.testCase_buildReadme_default(options, local.onErrorThrow);","            local.testCase_buildLib_default(options, local.onErrorThrow);","            local.testCase_buildTest_default(options, local.onErrorThrow);","            local.testCase_buildCustomOrg_default(options, local.onErrorThrow);","            options = [];","            local.buildApp(options, onError);","        };","","        local.testCase_buildCustomOrg_default = local.testCase_buildCustomOrg_default ||","            function (options, onError) {","            /*","             * this function will test buildCustomOrg's default handling-behavior","             */","                options = {};","                local.buildCustomOrg(options, onError);","            };","","        local.testCase_buildLib_default = local.testCase_buildLib_default || function (","            options,","            onError","        ) {","        /*","         * this function will test buildLib's default handling-behavior","         */","            options = {};","            local.buildLib(options, onError);","        };","","        local.testCase_buildReadme_default = local.testCase_buildReadme_default || function (","            options,","            onError","        ) {","        /*","         * this function will test buildReadme's default handling-behavior-behavior","         */","            options = {};","            local.buildReadme(options, onError);","        };","","        local.testCase_buildTest_default = local.testCase_buildTest_default || function (","            options,","            onError","        ) {","        /*","         * this function will test buildTest's default handling-behavior","         */","            options = {};","            local.buildTest(options, onError);","        };","","        local.testCase_webpage_default = local.testCase_webpage_default || function (","            options,","            onError","        ) {","        /*","         * this function will test webpage's default handling-behavior","         */","            options = { modeCoverageMerge: true, url: local.serverLocalHost + '?modeTest=1' };","            local.browserTest(options, onError);","        };","","        // run test-server","        local.testRunServer(local);","        break;","    }","}());",""],"l":{"12":2,"14":2,"19":2,"21":2,"23":2,"24":2,"25":2,"30":1,"37":2,"40":2,"43":1,"47":1,"50":1,"52":1,"55":2,"61":2,"62":2,"64":2,"70":1,"76":1,"82":2,"83":2,"85":2,"91":1,"98":1,"102":1,"105":1,"112":1,"119":1,"120":1,"123":1,"130":1,"131":1,"132":1,"133":1,"134":1,"135":1,"138":1,"143":2,"144":2,"147":1,"154":2,"155":2,"158":1,"165":2,"166":2,"169":1,"176":2,"177":2,"180":1,"187":1,"188":1,"192":1,"193":1}},"/home/travis/build/npmtest/node-npmtest-happypack/lib.npmtest_happypack.js":{"path":"/home/travis/build/npmtest/node-npmtest-happypack/lib.npmtest_happypack.js","s":{"1":2,"2":2,"3":2,"4":2,"5":2,"6":2,"7":2,"8":1,"9":2,"10":2,"11":2,"12":2,"13":1,"14":1,"15":1,"16":1},"b":{"1":[2,1,1,1],"2":[1,1,1,1],"3":[1,1],"4":[2,2],"5":[1,1]},"f":{"1":2,"2":2,"3":2},"fnMap":{"1":{"name":"(anonymous_1)","line":12,"loc":{"start":{"line":12,"column":1},"end":{"line":12,"column":13}}},"2":{"name":"(anonymous_2)","line":19,"loc":{"start":{"line":19,"column":5},"end":{"line":19,"column":17}}},"3":{"name":"(anonymous_3)","line":23,"loc":{"start":{"line":23,"column":24},"end":{"line":23,"column":36}}}},"statementMap":{"1":{"start":{"line":12,"column":0},"end":{"line":53,"column":5}},"2":{"start":{"line":14,"column":4},"end":{"line":14,"column":14}},"3":{"start":{"line":19,"column":4},"end":{"line":52,"column":9}},"4":{"start":{"line":21,"column":8},"end":{"line":21,"column":19}},"5":{"start":{"line":23,"column":8},"end":{"line":35,"column":13}},"6":{"start":{"line":24,"column":12},"end":{"line":34,"column":13}},"7":{"start":{"line":25,"column":16},"end":{"line":28,"column":30}},"8":{"start":{"line":30,"column":16},"end":{"line":33,"column":27}},"9":{"start":{"line":37,"column":8},"end":{"line":39,"column":21}},"10":{"start":{"line":41,"column":8},"end":{"line":41,"column":54}},"11":{"start":{"line":43,"column":8},"end":{"line":43,"column":54}},"12":{"start":{"line":45,"column":8},"end":{"line":51,"column":9}},"13":{"start":{"line":46,"column":12},"end":{"line":46,"column":60}},"14":{"start":{"line":48,"column":12},"end":{"line":48,"column":35}},"15":{"start":{"line":49,"column":12},"end":{"line":49,"column":49}},"16":{"start":{"line":50,"column":12},"end":{"line":50,"column":43}}},"branchMap":{"1":{"line":25,"type":"binary-expr","locations":[{"start":{"line":25,"column":23},"end":{"line":25,"column":62}},{"start":{"line":26,"column":20},"end":{"line":26,"column":70}},{"start":{"line":27,"column":20},"end":{"line":27,"column":71}},{"start":{"line":28,"column":20},"end":{"line":28,"column":29}}]},"2":{"line":30,"type":"binary-expr","locations":[{"start":{"line":30,"column":23},"end":{"line":30,"column":37}},{"start":{"line":31,"column":20},"end":{"line":31,"column":61}},{"start":{"line":32,"column":20},"end":{"line":32,"column":70}},{"start":{"line":33,"column":20},"end":{"line":33,"column":26}}]},"3":{"line":37,"type":"cond-expr","locations":[{"start":{"line":38,"column":14},"end":{"line":38,"column":20}},{"start":{"line":39,"column":14},"end":{"line":39,"column":20}}]},"4":{"line":41,"type":"binary-expr","locations":[{"start":{"line":41,"column":16},"end":{"line":41,"column":44}},{"start":{"line":41,"column":48},"end":{"line":41,"column":53}}]},"5":{"line":45,"type":"if","locations":[{"start":{"line":45,"column":8},"end":{"line":45,"column":8}},{"start":{"line":45,"column":8},"end":{"line":45,"column":8}}]}},"code":["/* istanbul instrument in package npmtest_happypack */","/*jslint","    bitwise: true,","    browser: true,","    maxerr: 8,","    maxlen: 96,","    node: true,","    nomen: true,","    regexp: true,","    stupid: true","*/","(function () {","    'use strict';","    var local;","","","","    // run shared js-env code - pre-init","    (function () {","        // init local","        local = {};","        // init modeJs","        local.modeJs = (function () {","            try {","                return typeof navigator.userAgent === 'string' &&","                    typeof document.querySelector('body') === 'object' &&","                    typeof XMLHttpRequest.prototype.open === 'function' &&","                    'browser';","            } catch (errorCaughtBrowser) {","                return module.exports &&","                    typeof process.versions.node === 'string' &&","                    typeof require('http').createServer === 'function' &&","                    'node';","            }","        }());","        // init global","        local.global = local.modeJs === 'browser'","            ? window","            : global;","        // init utility2_rollup","        local = local.global.utility2_rollup || local;","        // init lib","        local.local = local.npmtest_happypack = local;","        // init exports","        if (local.modeJs === 'browser') {","            local.global.utility2_npmtest_happypack = local;","        } else {","            module.exports = local;","            module.exports.__dirname = __dirname;","            module.exports.module = module;","        }","    }());","}());",""],"l":{"12":2,"14":2,"19":2,"21":2,"23":2,"24":2,"25":2,"30":1,"37":2,"41":2,"43":2,"45":2,"46":1,"48":1,"49":1,"50":1}},"/home/travis/build/npmtest/node-npmtest-happypack/example.js":{"path":"/home/travis/build/npmtest/node-npmtest-happypack/example.js","s":{"1":2,"2":2,"3":2,"4":2,"5":2,"6":2,"7":2,"8":1,"9":2,"10":2,"11":2,"12":2,"13":1,"14":2,"15":2,"16":2,"17":2,"18":2,"19":0,"20":2,"21":1,"22":1,"23":1,"24":1,"25":1,"26":0,"27":0,"28":1,"29":1,"30":2,"31":0,"32":0,"33":0,"34":1,"35":2,"36":2,"37":3,"38":3,"39":3,"40":3,"41":0,"42":3,"43":3,"44":3,"45":1,"46":3,"47":1,"48":1,"49":1,"50":1,"51":1,"52":1,"53":1,"54":1,"55":1,"56":1,"57":0,"58":1,"59":6,"60":6,"61":1,"62":2,"63":0,"64":2,"65":1,"66":1,"67":0,"68":0,"69":0,"70":0,"71":0,"72":0,"73":0,"74":0,"75":0,"76":0,"77":0,"78":0,"79":0,"80":0,"81":0,"82":0,"83":0},"b":{"1":[2,1,1,1],"2":[1,1,1,1],"3":[1,1],"4":[2,2],"5":[1,1],"6":[1,1],"7":[2,0],"8":[2,1,1,1,1,1],"9":[0,2,0],"10":[1,1],"11":[2,1,1],"12":[1,0],"13":[0,2],"14":[2,0,0,0,0,0,0],"15":[0,3],"16":[3,0],"17":[1,1],"18":[0,1],"19":[1,2,0,2],"20":[1,0],"21":[1,1],"22":[0,0],"23":[0,0],"24":[0,0],"25":[0,0],"26":[0,0],"27":[0,0],"28":[0,0]},"f":{"1":2,"2":2,"3":2,"4":2,"5":2,"6":2,"7":3,"8":3,"9":3,"10":1,"11":6,"12":0},"fnMap":{"1":{"name":"(anonymous_1)","line":26,"loc":{"start":{"line":26,"column":1},"end":{"line":26,"column":13}}},"2":{"name":"(anonymous_2)","line":33,"loc":{"start":{"line":33,"column":5},"end":{"line":33,"column":17}}},"3":{"name":"(anonymous_3)","line":37,"loc":{"start":{"line":37,"column":24},"end":{"line":37,"column":36}}},"4":{"name":"(anonymous_4)","line":69,"loc":{"start":{"line":69,"column":31},"end":{"line":69,"column":48}},"skip":true},"5":{"name":"(anonymous_5)","line":78,"loc":{"start":{"line":78,"column":26},"end":{"line":78,"column":45}},"skip":true},"6":{"name":"(anonymous_6)","line":123,"loc":{"start":{"line":123,"column":33},"end":{"line":123,"column":48}},"skip":true},"7":{"name":"(anonymous_7)","line":125,"loc":{"start":{"line":125,"column":27},"end":{"line":125,"column":39}},"skip":true},"8":{"name":"(anonymous_8)","line":133,"loc":{"start":{"line":133,"column":59},"end":{"line":133,"column":74}},"skip":true},"9":{"name":"(anonymous_9)","line":143,"loc":{"start":{"line":143,"column":45},"end":{"line":143,"column":62}},"skip":true},"10":{"name":"(anonymous_10)","line":144,"loc":{"start":{"line":144,"column":73},"end":{"line":144,"column":92}},"skip":true},"11":{"name":"(anonymous_11)","line":272,"loc":{"start":{"line":272,"column":51},"end":{"line":272,"column":77}},"skip":true},"12":{"name":"(anonymous_12)","line":315,"loc":{"start":{"line":315,"column":32},"end":{"line":315,"column":61}},"skip":true}},"statementMap":{"1":{"start":{"line":26,"column":0},"end":{"line":326,"column":5}},"2":{"start":{"line":28,"column":4},"end":{"line":28,"column":14}},"3":{"start":{"line":33,"column":4},"end":{"line":60,"column":9}},"4":{"start":{"line":35,"column":8},"end":{"line":35,"column":19}},"5":{"start":{"line":37,"column":8},"end":{"line":49,"column":13}},"6":{"start":{"line":38,"column":12},"end":{"line":48,"column":13}},"7":{"start":{"line":39,"column":16},"end":{"line":42,"column":30}},"8":{"start":{"line":44,"column":16},"end":{"line":47,"column":27}},"9":{"start":{"line":51,"column":8},"end":{"line":53,"column":21}},"10":{"start":{"line":55,"column":8},"end":{"line":57,"column":45}},"11":{"start":{"line":59,"column":8},"end":{"line":59,"column":35}},"12":{"start":{"line":61,"column":4},"end":{"line":325,"column":5}},"13":{"start":{"line":69,"column":8},"end":{"line":121,"column":10},"skip":true},"14":{"start":{"line":70,"column":12},"end":{"line":88,"column":13},"skip":true},"15":{"start":{"line":76,"column":16},"end":{"line":87,"column":19},"skip":true},"16":{"start":{"line":79,"column":20},"end":{"line":86,"column":21},"skip":true},"17":{"start":{"line":82,"column":24},"end":{"line":82,"column":43},"skip":true},"18":{"start":{"line":83,"column":24},"end":{"line":83,"column":30},"skip":true},"19":{"start":{"line":85,"column":24},"end":{"line":85,"column":49},"skip":true},"20":{"start":{"line":89,"column":12},"end":{"line":107,"column":13},"skip":true},"21":{"start":{"line":92,"column":16},"end":{"line":102,"column":17},"skip":true},"22":{"start":{"line":93,"column":20},"end":{"line":93,"column":86},"skip":true},"23":{"start":{"line":94,"column":20},"end":{"line":95,"column":45},"skip":true},"24":{"start":{"line":96,"column":20},"end":{"line":96,"column":42},"skip":true},"25":{"start":{"line":97,"column":20},"end":{"line":97,"column":48},"skip":true},"26":{"start":{"line":100,"column":20},"end":{"line":100,"column":85},"skip":true},"27":{"start":{"line":101,"column":20},"end":{"line":101,"column":96},"skip":true},"28":{"start":{"line":103,"column":16},"end":{"line":103,"column":22},"skip":true},"29":{"start":{"line":106,"column":16},"end":{"line":106,"column":22},"skip":true},"30":{"start":{"line":108,"column":12},"end":{"line":120,"column":13},"skip":true},"31":{"start":{"line":114,"column":16},"end":{"line":119,"column":17},"skip":true},"32":{"start":{"line":116,"column":20},"end":{"line":116,"column":78},"skip":true},"33":{"start":{"line":118,"column":20},"end":{"line":118,"column":47},"skip":true},"34":{"start":{"line":123,"column":8},"end":{"line":141,"column":11},"skip":true},"35":{"start":{"line":124,"column":12},"end":{"line":124,"column":54},"skip":true},"36":{"start":{"line":125,"column":12},"end":{"line":140,"column":14},"skip":true},"37":{"start":{"line":126,"column":16},"end":{"line":126,"column":28},"skip":true},"38":{"start":{"line":127,"column":16},"end":{"line":127,"column":69},"skip":true},"39":{"start":{"line":128,"column":16},"end":{"line":128,"column":75},"skip":true},"40":{"start":{"line":129,"column":16},"end":{"line":131,"column":17},"skip":true},"41":{"start":{"line":130,"column":20},"end":{"line":130,"column":27},"skip":true},"42":{"start":{"line":133,"column":16},"end":{"line":137,"column":36},"skip":true},"43":{"start":{"line":134,"column":20},"end":{"line":136,"column":55},"skip":true},"44":{"start":{"line":139,"column":16},"end":{"line":139,"column":57},"skip":true},"45":{"start":{"line":143,"column":8},"end":{"line":147,"column":11},"skip":true},"46":{"start":{"line":144,"column":12},"end":{"line":146,"column":15},"skip":true},"47":{"start":{"line":145,"column":16},"end":{"line":145,"column":70},"skip":true},"48":{"start":{"line":149,"column":8},"end":{"line":149,"column":31},"skip":true},"49":{"start":{"line":150,"column":8},"end":{"line":150,"column":14},"skip":true},"50":{"start":{"line":158,"column":8},"end":{"line":158,"column":31},"skip":true},"51":{"start":{"line":160,"column":8},"end":{"line":160,"column":33},"skip":true},"52":{"start":{"line":161,"column":8},"end":{"line":161,"column":37},"skip":true},"53":{"start":{"line":162,"column":8},"end":{"line":162,"column":35},"skip":true},"54":{"start":{"line":164,"column":8},"end":{"line":164,"column":50},"skip":true},"55":{"start":{"line":166,"column":8},"end":{"line":256,"column":2},"skip":true},"56":{"start":{"line":258,"column":8},"end":{"line":286,"column":9},"skip":true},"57":{"start":{"line":259,"column":12},"end":{"line":269,"column":14},"skip":true},"58":{"start":{"line":271,"column":12},"end":{"line":285,"column":19},"skip":true},"59":{"start":{"line":274,"column":20},"end":{"line":274,"column":35},"skip":true},"60":{"start":{"line":275,"column":20},"end":{"line":284,"column":21},"skip":true},"61":{"start":{"line":277,"column":24},"end":{"line":277,"column":64},"skip":true},"62":{"start":{"line":279,"column":24},"end":{"line":279,"column":40},"skip":true},"63":{"start":{"line":281,"column":24},"end":{"line":281,"column":40},"skip":true},"64":{"start":{"line":283,"column":24},"end":{"line":283,"column":39},"skip":true},"65":{"start":{"line":288,"column":8},"end":{"line":290,"column":9},"skip":true},"66":{"start":{"line":289,"column":12},"end":{"line":289,"column":18},"skip":true},"67":{"start":{"line":291,"column":8},"end":{"line":293,"column":54},"skip":true},"68":{"start":{"line":296,"column":8},"end":{"line":301,"column":37},"skip":true},"69":{"start":{"line":303,"column":8},"end":{"line":303,"column":82},"skip":true},"70":{"start":{"line":306,"column":8},"end":{"line":308,"column":9},"skip":true},"71":{"start":{"line":307,"column":12},"end":{"line":307,"column":82},"skip":true},"72":{"start":{"line":310,"column":8},"end":{"line":312,"column":9},"skip":true},"73":{"start":{"line":311,"column":12},"end":{"line":311,"column":18},"skip":true},"74":{"start":{"line":313,"column":8},"end":{"line":313,"column":54},"skip":true},"75":{"start":{"line":314,"column":8},"end":{"line":314,"column":69},"skip":true},"76":{"start":{"line":315,"column":8},"end":{"line":323,"column":36},"skip":true},"77":{"start":{"line":316,"column":12},"end":{"line":316,"column":61},"skip":true},"78":{"start":{"line":317,"column":12},"end":{"line":320,"column":13},"skip":true},"79":{"start":{"line":318,"column":16},"end":{"line":318,"column":75},"skip":true},"80":{"start":{"line":319,"column":16},"end":{"line":319,"column":23},"skip":true},"81":{"start":{"line":321,"column":12},"end":{"line":321,"column":38},"skip":true},"82":{"start":{"line":322,"column":12},"end":{"line":322,"column":27},"skip":true},"83":{"start":{"line":324,"column":8},"end":{"line":324,"column":14},"skip":true}},"branchMap":{"1":{"line":39,"type":"binary-expr","locations":[{"start":{"line":39,"column":23},"end":{"line":39,"column":62}},{"start":{"line":40,"column":20},"end":{"line":40,"column":70}},{"start":{"line":41,"column":20},"end":{"line":41,"column":71}},{"start":{"line":42,"column":20},"end":{"line":42,"column":29}}]},"2":{"line":44,"type":"binary-expr","locations":[{"start":{"line":44,"column":23},"end":{"line":44,"column":37}},{"start":{"line":45,"column":20},"end":{"line":45,"column":61}},{"start":{"line":46,"column":20},"end":{"line":46,"column":70}},{"start":{"line":47,"column":20},"end":{"line":47,"column":26}}]},"3":{"line":51,"type":"cond-expr","locations":[{"start":{"line":52,"column":14},"end":{"line":52,"column":20}},{"start":{"line":53,"column":14},"end":{"line":53,"column":20}}]},"4":{"line":55,"type":"binary-expr","locations":[{"start":{"line":55,"column":16},"end":{"line":55,"column":44}},{"start":{"line":55,"column":49},"end":{"line":57,"column":43}}]},"5":{"line":55,"type":"cond-expr","locations":[{"start":{"line":56,"column":14},"end":{"line":56,"column":53}},{"start":{"line":57,"column":14},"end":{"line":57,"column":43}}]},"6":{"line":61,"type":"switch","locations":[{"start":{"line":68,"column":4},"end":{"line":150,"column":14},"skip":true},{"start":{"line":156,"column":4},"end":{"line":324,"column":14},"skip":true}]},"7":{"line":70,"type":"if","locations":[{"start":{"line":70,"column":12},"end":{"line":70,"column":12},"skip":true},{"start":{"line":70,"column":12},"end":{"line":70,"column":12},"skip":true}]},"8":{"line":70,"type":"binary-expr","locations":[{"start":{"line":70,"column":16},"end":{"line":70,"column":22},"skip":true},{"start":{"line":70,"column":27},"end":{"line":70,"column":32},"skip":true},{"start":{"line":71,"column":20},"end":{"line":71,"column":39},"skip":true},{"start":{"line":72,"column":20},"end":{"line":72,"column":49},"skip":true},{"start":{"line":73,"column":20},"end":{"line":73,"column":58},"skip":true},{"start":{"line":74,"column":20},"end":{"line":74,"column":69},"skip":true}]},"9":{"line":79,"type":"switch","locations":[{"start":{"line":80,"column":20},"end":{"line":80,"column":33},"skip":true},{"start":{"line":81,"column":20},"end":{"line":83,"column":30},"skip":true},{"start":{"line":84,"column":20},"end":{"line":85,"column":49},"skip":true}]},"10":{"line":89,"type":"switch","locations":[{"start":{"line":90,"column":12},"end":{"line":103,"column":22},"skip":true},{"start":{"line":105,"column":12},"end":{"line":106,"column":22},"skip":true}]},"11":{"line":89,"type":"binary-expr","locations":[{"start":{"line":89,"column":20},"end":{"line":89,"column":25},"skip":true},{"start":{"line":89,"column":29},"end":{"line":89,"column":48},"skip":true},{"start":{"line":89,"column":52},"end":{"line":89,"column":74},"skip":true}]},"12":{"line":92,"type":"if","locations":[{"start":{"line":92,"column":16},"end":{"line":92,"column":16},"skip":true},{"start":{"line":92,"column":16},"end":{"line":92,"column":16},"skip":true}]},"13":{"line":108,"type":"if","locations":[{"start":{"line":108,"column":12},"end":{"line":108,"column":12},"skip":true},{"start":{"line":108,"column":12},"end":{"line":108,"column":12},"skip":true}]},"14":{"line":108,"type":"binary-expr","locations":[{"start":{"line":108,"column":16},"end":{"line":108,"column":61},"skip":true},{"start":{"line":108,"column":66},"end":{"line":108,"column":72},"skip":true},{"start":{"line":108,"column":77},"end":{"line":108,"column":82},"skip":true},{"start":{"line":109,"column":20},"end":{"line":109,"column":39},"skip":true},{"start":{"line":110,"column":20},"end":{"line":110,"column":49},"skip":true},{"start":{"line":111,"column":20},"end":{"line":111,"column":58},"skip":true},{"start":{"line":112,"column":20},"end":{"line":112,"column":68},"skip":true}]},"15":{"line":129,"type":"if","locations":[{"start":{"line":129,"column":16},"end":{"line":129,"column":16},"skip":true},{"start":{"line":129,"column":16},"end":{"line":129,"column":16},"skip":true}]},"16":{"line":134,"type":"cond-expr","locations":[{"start":{"line":135,"column":26},"end":{"line":135,"column":29},"skip":true},{"start":{"line":136,"column":26},"end":{"line":136,"column":54},"skip":true}]},"17":{"line":164,"type":"binary-expr","locations":[{"start":{"line":164,"column":27},"end":{"line":164,"column":43},"skip":true},{"start":{"line":164,"column":47},"end":{"line":164,"column":49},"skip":true}]},"18":{"line":258,"type":"if","locations":[{"start":{"line":258,"column":8},"end":{"line":258,"column":8},"skip":true},{"start":{"line":258,"column":8},"end":{"line":258,"column":8},"skip":true}]},"19":{"line":275,"type":"switch","locations":[{"start":{"line":276,"column":20},"end":{"line":277,"column":64},"skip":true},{"start":{"line":278,"column":20},"end":{"line":279,"column":40},"skip":true},{"start":{"line":280,"column":20},"end":{"line":281,"column":40},"skip":true},{"start":{"line":282,"column":20},"end":{"line":283,"column":39},"skip":true}]},"20":{"line":288,"type":"if","locations":[{"start":{"line":288,"column":8},"end":{"line":288,"column":8},"skip":true},{"start":{"line":288,"column":8},"end":{"line":288,"column":8},"skip":true}]},"21":{"line":288,"type":"binary-expr","locations":[{"start":{"line":288,"column":12},"end":{"line":288,"column":40},"skip":true},{"start":{"line":288,"column":44},"end":{"line":288,"column":67},"skip":true}]},"22":{"line":292,"type":"binary-expr","locations":[{"start":{"line":292,"column":12},"end":{"line":292,"column":50},"skip":true},{"start":{"line":293,"column":12},"end":{"line":293,"column":53},"skip":true}]},"23":{"line":297,"type":"binary-expr","locations":[{"start":{"line":297,"column":12},"end":{"line":297,"column":67},"skip":true},{"start":{"line":298,"column":12},"end":{"line":301,"column":36},"skip":true}]},"24":{"line":303,"type":"binary-expr","locations":[{"start":{"line":303,"column":43},"end":{"line":303,"column":75},"skip":true},{"start":{"line":303,"column":79},"end":{"line":303,"column":81},"skip":true}]},"25":{"line":306,"type":"if","locations":[{"start":{"line":306,"column":8},"end":{"line":306,"column":8},"skip":true},{"start":{"line":306,"column":8},"end":{"line":306,"column":8},"skip":true}]},"26":{"line":310,"type":"if","locations":[{"start":{"line":310,"column":8},"end":{"line":310,"column":8},"skip":true},{"start":{"line":310,"column":8},"end":{"line":310,"column":8},"skip":true}]},"27":{"line":313,"type":"binary-expr","locations":[{"start":{"line":313,"column":27},"end":{"line":313,"column":43},"skip":true},{"start":{"line":313,"column":47},"end":{"line":313,"column":53},"skip":true}]},"28":{"line":317,"type":"if","locations":[{"start":{"line":317,"column":12},"end":{"line":317,"column":12},"skip":true},{"start":{"line":317,"column":12},"end":{"line":317,"column":12},"skip":true}]}},"code":["/*","example.js","","quickstart example","","instruction","    1. save this script as example.js","    2. run the shell command:","        $ npm install npmtest-happypack && PORT=8081 node example.js","    3. play with the browser-demo on http://127.0.0.1:8081","*/","","","","/* istanbul instrument in package npmtest_happypack */","/*jslint","    bitwise: true,","    browser: true,","    maxerr: 8,","    maxlen: 96,","    node: true,","    nomen: true,","    regexp: true,","    stupid: true","*/","(function () {","    'use strict';","    var local;","","","","    // run shared js-env code - pre-init","    (function () {","        // init local","        local = {};","        // init modeJs","        local.modeJs = (function () {","            try {","                return typeof navigator.userAgent === 'string' &&","                    typeof document.querySelector('body') === 'object' &&","                    typeof XMLHttpRequest.prototype.open === 'function' &&","                    'browser';","            } catch (errorCaughtBrowser) {","                return module.exports &&","                    typeof process.versions.node === 'string' &&","                    typeof require('http').createServer === 'function' &&","                    'node';","            }","        }());","        // init global","        local.global = local.modeJs === 'browser'","            ? window","            : global;","        // init utility2_rollup","        local = local.global.utility2_rollup || (local.modeJs === 'browser'","            ? local.global.utility2_npmtest_happypack","            : global.utility2_moduleExports);","        // export local","        local.global.local = local;","    }());","    switch (local.modeJs) {","","","","    // post-init","    // run browser js-env code - post-init","    /* istanbul ignore next */","    case 'browser':","        local.testRunBrowser = function (event) {","            if (!event || (event &&","                    event.currentTarget &&","                    event.currentTarget.className &&","                    event.currentTarget.className.includes &&","                    event.currentTarget.className.includes('onreset'))) {","                // reset output","                Array.from(","                    document.querySelectorAll('body > .resettable')","                ).forEach(function (element) {","                    switch (element.tagName) {","                    case 'INPUT':","                    case 'TEXTAREA':","                        element.value = '';","                        break;","                    default:","                        element.textContent = '';","                    }","                });","            }","            switch (event && event.currentTarget && event.currentTarget.id) {","            case 'testRunButton1':","                // show tests","                if (document.querySelector('#testReportDiv1').style.display === 'none') {","                    document.querySelector('#testReportDiv1').style.display = 'block';","                    document.querySelector('#testRunButton1').textContent =","                        'hide internal test';","                    local.modeTest = true;","                    local.testRunDefault(local);","                // hide tests","                } else {","                    document.querySelector('#testReportDiv1').style.display = 'none';","                    document.querySelector('#testRunButton1').textContent = 'run internal test';","                }","                break;","            // custom-case","            default:","                break;","            }","            if (document.querySelector('#inputTextareaEval1') && (!event || (event &&","                    event.currentTarget &&","                    event.currentTarget.className &&","                    event.currentTarget.className.includes &&","                    event.currentTarget.className.includes('oneval')))) {","                // try to eval input-code","                try {","                    /*jslint evil: true*/","                    eval(document.querySelector('#inputTextareaEval1').value);","                } catch (errorCaught) {","                    console.error(errorCaught);","                }","            }","        };","        // log stderr and stdout to #outputTextareaStdout1","        ['error', 'log'].forEach(function (key) {","            console[key + '_original'] = console[key];","            console[key] = function () {","                var element;","                console[key + '_original'].apply(console, arguments);","                element = document.querySelector('#outputTextareaStdout1');","                if (!element) {","                    return;","                }","                // append text to #outputTextareaStdout1","                element.value += Array.from(arguments).map(function (arg) {","                    return typeof arg === 'string'","                        ? arg","                        : JSON.stringify(arg, null, 4);","                }).join(' ') + '\\n';","                // scroll textarea to bottom","                element.scrollTop = element.scrollHeight;","            };","        });","        // init event-handling","        ['change', 'click', 'keyup'].forEach(function (event) {","            Array.from(document.querySelectorAll('.on' + event)).forEach(function (element) {","                element.addEventListener(event, local.testRunBrowser);","            });","        });","        // run tests","        local.testRunBrowser();","        break;","","","","    // run node js-env code - post-init","    /* istanbul ignore next */","    case 'node':","        // export local","        module.exports = local;","        // require modules","        local.fs = require('fs');","        local.http = require('http');","        local.url = require('url');","        // init assets","        local.assetsDict = local.assetsDict || {};","        /* jslint-ignore-begin */","        local.assetsDict['/assets.index.template.html'] = '\\","<!doctype html>\\n\\","<html lang=\"en\">\\n\\","<head>\\n\\","<meta charset=\"UTF-8\">\\n\\","<meta name=\"viewport\" content=\"width=device-width, initial-scale=1\">\\n\\","<title>{{env.npm_package_name}} (v{{env.npm_package_version}})</title>\\n\\","<style>\\n\\","/*csslint\\n\\","    box-sizing: false,\\n\\","    universal-selector: false\\n\\","*/\\n\\","* {\\n\\","    box-sizing: border-box;\\n\\","}\\n\\","body {\\n\\","    background: #dde;\\n\\","    font-family: Arial, Helvetica, sans-serif;\\n\\","    margin: 2rem;\\n\\","}\\n\\","body > * {\\n\\","    margin-bottom: 1rem;\\n\\","}\\n\\",".utility2FooterDiv {\\n\\","    margin-top: 20px;\\n\\","    text-align: center;\\n\\","}\\n\\","</style>\\n\\","<style>\\n\\","/*csslint\\n\\","*/\\n\\","textarea {\\n\\","    font-family: monospace;\\n\\","    height: 10rem;\\n\\","    width: 100%;\\n\\","}\\n\\","textarea[readonly] {\\n\\","    background: #ddd;\\n\\","}\\n\\","</style>\\n\\","</head>\\n\\","<body>\\n\\","<!-- utility2-comment\\n\\","<div id=\"ajaxProgressDiv1\" style=\"background: #d00; height: 2px; left: 0; margin: 0; padding: 0; position: fixed; top: 0; transition: background 0.5s, width 1.5s; width: 25%;\"></div>\\n\\","utility2-comment -->\\n\\","<h1>\\n\\","<!-- utility2-comment\\n\\","    <a\\n\\","        {{#if env.npm_package_homepage}}\\n\\","        href=\"{{env.npm_package_homepage}}\"\\n\\","        {{/if env.npm_package_homepage}}\\n\\","        target=\"_blank\"\\n\\","    >\\n\\","utility2-comment -->\\n\\","        {{env.npm_package_name}} (v{{env.npm_package_version}})\\n\\","<!-- utility2-comment\\n\\","    </a>\\n\\","utility2-comment -->\\n\\","</h1>\\n\\","<h3>{{env.npm_package_description}}</h3>\\n\\","<!-- utility2-comment\\n\\","<h4><a download href=\"assets.app.js\">download standalone app</a></h4>\\n\\","<button class=\"onclick onreset\" id=\"testRunButton1\">run internal test</button><br>\\n\\","<div id=\"testReportDiv1\" style=\"display: none;\"></div>\\n\\","utility2-comment -->\\n\\","\\n\\","\\n\\","\\n\\","<label>stderr and stdout</label>\\n\\","<textarea class=\"resettable\" id=\"outputTextareaStdout1\" readonly></textarea>\\n\\","<!-- utility2-comment\\n\\","{{#if isRollup}}\\n\\","<script src=\"assets.app.js\"></script>\\n\\","{{#unless isRollup}}\\n\\","utility2-comment -->\\n\\","<script src=\"assets.utility2.rollup.js\"></script>\\n\\","<script src=\"jsonp.utility2._stateInit?callback=window.utility2._stateInit\"></script>\\n\\","<script src=\"assets.npmtest_happypack.rollup.js\"></script>\\n\\","<script src=\"assets.example.js\"></script>\\n\\","<script src=\"assets.test.js\"></script>\\n\\","<!-- utility2-comment\\n\\","{{/if isRollup}}\\n\\","utility2-comment -->\\n\\","<div class=\"utility2FooterDiv\">\\n\\","    [ this app was created with\\n\\","    <a href=\"https://github.com/kaizhu256/node-utility2\" target=\"_blank\">utility2</a>\\n\\","    ]\\n\\","</div>\\n\\","</body>\\n\\","</html>\\n\\","';","        /* jslint-ignore-end */","        if (local.templateRender) {","            local.assetsDict['/'] = local.templateRender(","                local.assetsDict['/assets.index.template.html'],","                {","                    env: local.objectSetDefault(local.env, {","                        npm_package_description: 'the greatest app in the world!',","                        npm_package_name: 'my-app',","                        npm_package_nameAlias: 'my_app',","                        npm_package_version: '0.0.1'","                    })","                }","            );","        } else {","            local.assetsDict['/'] = local.assetsDict['/assets.index.template.html']","                .replace((/\\{\\{env\\.(\\w+?)\\}\\}/g), function (match0, match1) {","                    // jslint-hack","                    String(match0);","                    switch (match1) {","                    case 'npm_package_description':","                        return 'the greatest app in the world!';","                    case 'npm_package_name':","                        return 'my-app';","                    case 'npm_package_nameAlias':","                        return 'my_app';","                    case 'npm_package_version':","                        return '0.0.1';","                    }","                });","        }","        // run the cli","        if (local.global.utility2_rollup || module !== require.main) {","            break;","        }","        local.assetsDict['/assets.example.js'] =","            local.assetsDict['/assets.example.js'] ||","            local.fs.readFileSync(__filename, 'utf8');","        // bug-workaround - long $npm_package_buildCustomOrg","        /* jslint-ignore-begin */","        local.assetsDict['/assets.npmtest_happypack.rollup.js'] =","            local.assetsDict['/assets.npmtest_happypack.rollup.js'] ||","            local.fs.readFileSync(","                local.npmtest_happypack.__dirname + '/lib.npmtest_happypack.js',","                'utf8'","            ).replace((/^#!/), '//');","        /* jslint-ignore-end */","        local.assetsDict['/favicon.ico'] = local.assetsDict['/favicon.ico'] || '';","        // if $npm_config_timeout_exit exists,","        // then exit this process after $npm_config_timeout_exit ms","        if (Number(process.env.npm_config_timeout_exit)) {","            setTimeout(process.exit, Number(process.env.npm_config_timeout_exit));","        }","        // start server","        if (local.global.utility2_serverHttp1) {","            break;","        }","        process.env.PORT = process.env.PORT || '8081';","        console.error('server starting on port ' + process.env.PORT);","        local.http.createServer(function (request, response) {","            request.urlParsed = local.url.parse(request.url);","            if (local.assetsDict[request.urlParsed.pathname] !== undefined) {","                response.end(local.assetsDict[request.urlParsed.pathname]);","                return;","            }","            response.statusCode = 404;","            response.end();","        }).listen(process.env.PORT);","        break;","    }","}());",""],"l":{"26":2,"28":2,"33":2,"35":2,"37":2,"38":2,"39":2,"44":1,"51":2,"55":2,"59":2,"61":2,"69":1,"70":2,"76":2,"79":2,"82":2,"83":2,"85":1,"89":2,"92":1,"93":1,"94":1,"96":1,"97":1,"100":1,"101":1,"103":1,"106":1,"108":2,"114":1,"116":1,"118":1,"123":1,"124":2,"125":2,"126":3,"127":3,"128":3,"129":3,"130":1,"133":3,"134":3,"139":3,"143":1,"144":3,"145":1,"149":1,"150":1,"158":1,"160":1,"161":1,"162":1,"164":1,"166":1,"258":1,"259":1,"271":1,"274":6,"275":6,"277":1,"279":2,"281":1,"283":2,"288":1,"289":1,"291":1,"296":1,"303":1,"306":1,"307":1,"310":1,"311":1,"313":1,"314":1,"315":1,"316":1,"317":1,"318":1,"319":1,"321":1,"322":1,"324":1}},"/home/travis/build/npmtest/node-npmtest-happypack/node_modules/happypack/lib/HappyPlugin.js":{"path":"/home/travis/build/npmtest/node-npmtest-happypack/node_modules/happypack/lib/HappyPlugin.js","s":{"1":1,"2":1,"3":1,"4":1,"5":1,"6":1,"7":1,"8":1,"9":1,"10":1,"11":1,"12":1,"13":1,"14":1,"15":1,"16":0,"17":0,"18":0,"19":0,"20":0,"21":0,"22":0,"23":0,"24":0,"25":0,"26":0,"27":0,"28":0,"29":0,"30":0,"31":1,"32":0,"33":0,"34":0,"35":0,"36":0,"37":0,"38":0,"39":0,"40":0,"41":0,"42":0,"43":0,"44":0,"45":0,"46":0,"47":0,"48":0,"49":0,"50":0,"51":0,"52":0,"53":0,"54":0,"55":1,"56":0,"57":0,"58":0,"59":0,"60":0,"61":0,"62":0,"63":0,"64":0,"65":0,"66":0,"67":0,"68":0,"69":0,"70":0,"71":0,"72":0,"73":0,"74":0,"75":0,"76":0,"77":0,"78":0,"79":0,"80":0,"81":0,"82":0,"83":0,"84":0,"85":0,"86":0,"87":0,"88":0,"89":0,"90":0,"91":0,"92":1,"93":0,"94":0,"95":0,"96":0,"97":1,"98":0,"99":0,"100":0,"101":1,"102":0,"103":1,"104":1,"105":0,"106":0,"107":0,"108":0,"109":0,"110":1,"111":1,"112":0,"113":1,"114":0,"115":1,"116":0,"117":0,"118":0,"119":0,"120":0,"121":0,"122":0,"123":1,"124":0,"125":1,"126":0,"127":0,"128":0,"129":0,"130":0,"131":0,"132":0,"133":1,"134":0,"135":0,"136":0,"137":0,"138":0,"139":0,"140":0,"141":0,"142":0,"143":0,"144":0,"145":1},"b":{"1":[0,0],"2":[0,0],"3":[0,0],"4":[0,0],"5":[0,0,0],"6":[0,0],"7":[0,0],"8":[0,0],"9":[0,0],"10":[0,0],"11":[0,0],"12":[0,0],"13":[0,0],"14":[0,0],"15":[0,0],"16":[0,0],"17":[0,0],"18":[0,0],"19":[0,0],"20":[0,0],"21":[0,0],"22":[0,0],"23":[0,0,0],"24":[0,0,0],"25":[0,0],"26":[0,0],"27":[0,0],"28":[0,0],"29":[0,0],"30":[0,0]},"f":{"1":0,"2":0,"3":0,"4":0,"5":0,"6":0,"7":0,"8":0,"9":0,"10":0,"11":0,"12":0,"13":0,"14":0,"15":0,"16":0,"17":0,"18":0,"19":0,"20":0,"21":0,"22":0,"23":0,"24":0,"25":0,"26":0,"27":0,"28":0,"29":0,"30":0,"31":0,"32":0},"fnMap":{"1":{"name":"HappyPlugin","line":16,"loc":{"start":{"line":16,"column":0},"end":{"line":16,"column":33}}},"2":{"name":"(anonymous_2)","line":46,"loc":{"start":{"line":46,"column":16},"end":{"line":46,"column":32}}},"3":{"name":"(anonymous_3)","line":53,"loc":{"start":{"line":53,"column":28},"end":{"line":53,"column":45}}},"4":{"name":"(anonymous_4)","line":69,"loc":{"start":{"line":69,"column":30},"end":{"line":69,"column":49}}},"5":{"name":"(anonymous_5)","line":97,"loc":{"start":{"line":97,"column":27},"end":{"line":97,"column":38}}},"6":{"name":"(anonymous_6)","line":100,"loc":{"start":{"line":100,"column":28},"end":{"line":100,"column":39}}},"7":{"name":"(anonymous_7)","line":109,"loc":{"start":{"line":109,"column":30},"end":{"line":109,"column":44}}},"8":{"name":"(anonymous_8)","line":114,"loc":{"start":{"line":114,"column":31},"end":{"line":114,"column":49}}},"9":{"name":"(anonymous_9)","line":129,"loc":{"start":{"line":129,"column":35},"end":{"line":129,"column":57}}},"10":{"name":"(anonymous_10)","line":135,"loc":{"start":{"line":135,"column":30},"end":{"line":135,"column":55}}},"11":{"name":"normalizeLoaders","line":148,"loc":{"start":{"line":148,"column":4},"end":{"line":148,"column":40}}},"12":{"name":"(anonymous_12)","line":156,"loc":{"start":{"line":156,"column":42},"end":{"line":156,"column":64}}},"13":{"name":"resolveLoaders","line":163,"loc":{"start":{"line":163,"column":4},"end":{"line":163,"column":38}}},"14":{"name":"(anonymous_14)","line":164,"loc":{"start":{"line":164,"column":47},"end":{"line":164,"column":64}}},"15":{"name":"(anonymous_15)","line":168,"loc":{"start":{"line":168,"column":57},"end":{"line":168,"column":86}}},"16":{"name":"(anonymous_16)","line":171,"loc":{"start":{"line":171,"column":30},"end":{"line":171,"column":61}}},"17":{"name":"(anonymous_17)","line":177,"loc":{"start":{"line":177,"column":62},"end":{"line":177,"column":79}}},"18":{"name":"loadCache","line":185,"loc":{"start":{"line":185,"column":4},"end":{"line":185,"column":33}}},"19":{"name":"launchAndConfigureThreads","line":196,"loc":{"start":{"line":196,"column":4},"end":{"line":196,"column":49}}},"20":{"name":"markStarted","line":213,"loc":{"start":{"line":213,"column":4},"end":{"line":213,"column":35}}},"21":{"name":"(anonymous_21)","line":225,"loc":{"start":{"line":225,"column":29},"end":{"line":225,"column":40}}},"22":{"name":"(anonymous_22)","line":235,"loc":{"start":{"line":235,"column":32},"end":{"line":235,"column":70}}},"23":{"name":"(anonymous_23)","line":244,"loc":{"start":{"line":244,"column":40},"end":{"line":244,"column":59}}},"24":{"name":"(anonymous_24)","line":273,"loc":{"start":{"line":273,"column":37},"end":{"line":273,"column":55}}},"25":{"name":"(anonymous_25)","line":276,"loc":{"start":{"line":276,"column":37},"end":{"line":276,"column":56}}},"26":{"name":"isVerbose","line":288,"loc":{"start":{"line":288,"column":0},"end":{"line":288,"column":37}}},"27":{"name":"isDebug","line":295,"loc":{"start":{"line":295,"column":0},"end":{"line":295,"column":35}}},"28":{"name":"compileInBackground","line":302,"loc":{"start":{"line":302,"column":0},"end":{"line":302,"column":58}}},"29":{"name":"compileInForeground","line":320,"loc":{"start":{"line":320,"column":0},"end":{"line":320,"column":58}}},"30":{"name":"readFromCache","line":324,"loc":{"start":{"line":324,"column":0},"end":{"line":324,"column":40}}},"31":{"name":"compileAndUpdateCache","line":340,"loc":{"start":{"line":340,"column":0},"end":{"line":340,"column":72}}},"32":{"name":"(anonymous_32)","line":348,"loc":{"start":{"line":348,"column":5},"end":{"line":348,"column":22}}}},"statementMap":{"1":{"start":{"line":1,"column":0},"end":{"line":1,"column":23}},"2":{"start":{"line":2,"column":0},"end":{"line":2,"column":27}},"3":{"start":{"line":3,"column":0},"end":{"line":3,"column":29}},"4":{"start":{"line":4,"column":0},"end":{"line":4,"column":31}},"5":{"start":{"line":5,"column":0},"end":{"line":5,"column":51}},"6":{"start":{"line":6,"column":0},"end":{"line":6,"column":71}},"7":{"start":{"line":7,"column":0},"end":{"line":7,"column":45}},"8":{"start":{"line":8,"column":0},"end":{"line":8,"column":41}},"9":{"start":{"line":9,"column":0},"end":{"line":9,"column":45}},"10":{"start":{"line":10,"column":0},"end":{"line":10,"column":45}},"11":{"start":{"line":11,"column":0},"end":{"line":11,"column":49}},"12":{"start":{"line":12,"column":0},"end":{"line":12,"column":59}},"13":{"start":{"line":13,"column":0},"end":{"line":13,"column":33}},"14":{"start":{"line":14,"column":0},"end":{"line":14,"column":37}},"15":{"start":{"line":16,"column":0},"end":{"line":67,"column":1}},"16":{"start":{"line":17,"column":2},"end":{"line":19,"column":3}},"17":{"start":{"line":18,"column":4},"end":{"line":18,"column":39}},"18":{"start":{"line":21,"column":2},"end":{"line":21,"column":26}},"19":{"start":{"line":22,"column":2},"end":{"line":29,"column":4}},"20":{"start":{"line":31,"column":2},"end":{"line":60,"column":35}},"21":{"start":{"line":47,"column":8},"end":{"line":57,"column":9}},"22":{"start":{"line":48,"column":10},"end":{"line":48,"column":45}},"23":{"start":{"line":50,"column":13},"end":{"line":57,"column":9}},"24":{"start":{"line":51,"column":10},"end":{"line":51,"column":57}},"25":{"start":{"line":53,"column":13},"end":{"line":57,"column":9}},"26":{"start":{"line":54,"column":10},"end":{"line":54,"column":78}},"27":{"start":{"line":56,"column":10},"end":{"line":56,"column":79}},"28":{"start":{"line":62,"column":2},"end":{"line":62,"column":27}},"29":{"start":{"line":64,"column":2},"end":{"line":64,"column":44}},"30":{"start":{"line":66,"column":2},"end":{"line":66,"column":14}},"31":{"start":{"line":69,"column":0},"end":{"line":133,"column":2}},"32":{"start":{"line":70,"column":2},"end":{"line":70,"column":28}},"33":{"start":{"line":72,"column":2},"end":{"line":74,"column":3}},"34":{"start":{"line":73,"column":4},"end":{"line":73,"column":11}},"35":{"start":{"line":76,"column":2},"end":{"line":76,"column":14}},"36":{"start":{"line":78,"column":2},"end":{"line":78,"column":49}},"37":{"start":{"line":79,"column":2},"end":{"line":79,"column":45}},"38":{"start":{"line":81,"column":2},"end":{"line":86,"column":5}},"39":{"start":{"line":88,"column":2},"end":{"line":95,"column":5}},"40":{"start":{"line":97,"column":2},"end":{"line":112,"column":5}},"41":{"start":{"line":100,"column":4},"end":{"line":106,"column":7}},"42":{"start":{"line":101,"column":6},"end":{"line":103,"column":9}},"43":{"start":{"line":105,"column":6},"end":{"line":105,"column":104}},"44":{"start":{"line":109,"column":4},"end":{"line":111,"column":7}},"45":{"start":{"line":110,"column":6},"end":{"line":110,"column":48}},"46":{"start":{"line":114,"column":2},"end":{"line":121,"column":5}},"47":{"start":{"line":115,"column":4},"end":{"line":120,"column":5}},"48":{"start":{"line":116,"column":6},"end":{"line":116,"column":13}},"49":{"start":{"line":119,"column":6},"end":{"line":119,"column":33}},"50":{"start":{"line":123,"column":2},"end":{"line":123,"column":48}},"51":{"start":{"line":126,"column":2},"end":{"line":126,"column":48}},"52":{"start":{"line":128,"column":2},"end":{"line":132,"column":3}},"53":{"start":{"line":129,"column":4},"end":{"line":131,"column":7}},"54":{"start":{"line":130,"column":6},"end":{"line":130,"column":64}},"55":{"start":{"line":135,"column":0},"end":{"line":223,"column":2}},"56":{"start":{"line":136,"column":2},"end":{"line":136,"column":18}},"57":{"start":{"line":138,"column":2},"end":{"line":145,"column":3}},"58":{"start":{"line":139,"column":4},"end":{"line":144,"column":6}},"59":{"start":{"line":147,"column":2},"end":{"line":222,"column":11}},"60":{"start":{"line":149,"column":6},"end":{"line":149,"column":40}},"61":{"start":{"line":151,"column":6},"end":{"line":154,"column":8}},"62":{"start":{"line":156,"column":6},"end":{"line":158,"column":13}},"63":{"start":{"line":157,"column":8},"end":{"line":157,"column":64}},"64":{"start":{"line":160,"column":6},"end":{"line":160,"column":21}},"65":{"start":{"line":164,"column":6},"end":{"line":166,"column":9}},"66":{"start":{"line":165,"column":8},"end":{"line":165,"column":27}},"67":{"start":{"line":168,"column":6},"end":{"line":182,"column":9}},"68":{"start":{"line":169,"column":8},"end":{"line":169,"column":38}},"69":{"start":{"line":169,"column":17},"end":{"line":169,"column":38}},"70":{"start":{"line":171,"column":8},"end":{"line":175,"column":11}},"71":{"start":{"line":172,"column":10},"end":{"line":172,"column":49}},"72":{"start":{"line":173,"column":10},"end":{"line":173,"column":37}},"73":{"start":{"line":174,"column":10},"end":{"line":174,"column":85}},"74":{"start":{"line":177,"column":8},"end":{"line":179,"column":21}},"75":{"start":{"line":178,"column":10},"end":{"line":178,"column":52}},"76":{"start":{"line":181,"column":8},"end":{"line":181,"column":19}},"77":{"start":{"line":186,"column":6},"end":{"line":191,"column":7}},"78":{"start":{"line":187,"column":8},"end":{"line":190,"column":11}},"79":{"start":{"line":193,"column":6},"end":{"line":193,"column":17}},"80":{"start":{"line":197,"column":6},"end":{"line":197,"column":28}},"81":{"start":{"line":198,"column":6},"end":{"line":198,"column":81}},"82":{"start":{"line":200,"column":6},"end":{"line":208,"column":7}},"83":{"start":{"line":201,"column":8},"end":{"line":201,"column":70}},"84":{"start":{"line":204,"column":8},"end":{"line":204,"column":103}},"85":{"start":{"line":205,"column":8},"end":{"line":205,"column":39}},"86":{"start":{"line":207,"column":8},"end":{"line":207,"column":27}},"87":{"start":{"line":210,"column":6},"end":{"line":210,"column":91}},"88":{"start":{"line":214,"column":6},"end":{"line":216,"column":7}},"89":{"start":{"line":215,"column":8},"end":{"line":215,"column":83}},"90":{"start":{"line":218,"column":6},"end":{"line":218,"column":32}},"91":{"start":{"line":220,"column":6},"end":{"line":220,"column":17}},"92":{"start":{"line":225,"column":0},"end":{"line":233,"column":2}},"93":{"start":{"line":226,"column":2},"end":{"line":226,"column":80}},"94":{"start":{"line":228,"column":2},"end":{"line":230,"column":3}},"95":{"start":{"line":229,"column":4},"end":{"line":229,"column":22}},"96":{"start":{"line":232,"column":2},"end":{"line":232,"column":47}},"97":{"start":{"line":235,"column":0},"end":{"line":242,"column":2}},"98":{"start":{"line":236,"column":2},"end":{"line":241,"column":3}},"99":{"start":{"line":237,"column":4},"end":{"line":237,"column":71}},"100":{"start":{"line":240,"column":4},"end":{"line":240,"column":71}},"101":{"start":{"line":244,"column":0},"end":{"line":246,"column":2}},"102":{"start":{"line":245,"column":2},"end":{"line":245,"column":55}},"103":{"start":{"line":249,"column":0},"end":{"line":271,"column":2}},"104":{"start":{"line":273,"column":0},"end":{"line":283,"column":2}},"105":{"start":{"line":274,"column":2},"end":{"line":274,"column":54}},"106":{"start":{"line":276,"column":2},"end":{"line":282,"column":9}},"107":{"start":{"line":277,"column":4},"end":{"line":279,"column":5}},"108":{"start":{"line":278,"column":6},"end":{"line":278,"column":30}},"109":{"start":{"line":281,"column":4},"end":{"line":281,"column":15}},"110":{"start":{"line":286,"column":0},"end":{"line":286,"column":41}},"111":{"start":{"line":288,"column":0},"end":{"line":293,"column":1}},"112":{"start":{"line":289,"column":2},"end":{"line":292,"column":4}},"113":{"start":{"line":295,"column":0},"end":{"line":300,"column":1}},"114":{"start":{"line":296,"column":2},"end":{"line":299,"column":4}},"115":{"start":{"line":302,"column":0},"end":{"line":316,"column":1}},"116":{"start":{"line":303,"column":2},"end":{"line":303,"column":44}},"117":{"start":{"line":305,"column":2},"end":{"line":309,"column":3}},"118":{"start":{"line":306,"column":4},"end":{"line":306,"column":53}},"119":{"start":{"line":308,"column":4},"end":{"line":308,"column":59}},"120":{"start":{"line":311,"column":2},"end":{"line":313,"column":3}},"121":{"start":{"line":312,"column":4},"end":{"line":312,"column":69}},"122":{"start":{"line":315,"column":2},"end":{"line":315,"column":81}},"123":{"start":{"line":320,"column":0},"end":{"line":322,"column":1}},"124":{"start":{"line":321,"column":2},"end":{"line":321,"column":97}},"125":{"start":{"line":324,"column":0},"end":{"line":338,"column":1}},"126":{"start":{"line":325,"column":2},"end":{"line":325,"column":18}},"127":{"start":{"line":326,"column":2},"end":{"line":326,"column":69}},"128":{"start":{"line":327,"column":2},"end":{"line":327,"column":67}},"129":{"start":{"line":329,"column":2},"end":{"line":329,"column":67}},"130":{"start":{"line":331,"column":2},"end":{"line":335,"column":3}},"131":{"start":{"line":332,"column":4},"end":{"line":334,"column":6}},"132":{"start":{"line":337,"column":2},"end":{"line":337,"column":16}},"133":{"start":{"line":340,"column":0},"end":{"line":367,"column":1}},"134":{"start":{"line":341,"column":2},"end":{"line":341,"column":25}},"135":{"start":{"line":342,"column":2},"end":{"line":342,"column":44}},"136":{"start":{"line":344,"column":2},"end":{"line":366,"column":5}},"137":{"start":{"line":349,"column":4},"end":{"line":349,"column":64}},"138":{"start":{"line":350,"column":4},"end":{"line":350,"column":20}},"139":{"start":{"line":352,"column":4},"end":{"line":365,"column":5}},"140":{"start":{"line":353,"column":6},"end":{"line":353,"column":42}},"141":{"start":{"line":355,"column":6},"end":{"line":355,"column":21}},"142":{"start":{"line":358,"column":6},"end":{"line":358,"column":53}},"143":{"start":{"line":360,"column":6},"end":{"line":362,"column":8}},"144":{"start":{"line":364,"column":6},"end":{"line":364,"column":40}},"145":{"start":{"line":369,"column":0},"end":{"line":369,"column":29}}},"branchMap":{"1":{"line":17,"type":"if","locations":[{"start":{"line":17,"column":2},"end":{"line":17,"column":2}},{"start":{"line":17,"column":2},"end":{"line":17,"column":2}}]},"2":{"line":47,"type":"if","locations":[{"start":{"line":47,"column":8},"end":{"line":47,"column":8}},{"start":{"line":47,"column":8},"end":{"line":47,"column":8}}]},"3":{"line":50,"type":"if","locations":[{"start":{"line":50,"column":13},"end":{"line":50,"column":13}},{"start":{"line":50,"column":13},"end":{"line":50,"column":13}}]},"4":{"line":53,"type":"if","locations":[{"start":{"line":53,"column":13},"end":{"line":53,"column":13}},{"start":{"line":53,"column":13},"end":{"line":53,"column":13}}]},"5":{"line":54,"type":"binary-expr","locations":[{"start":{"line":54,"column":17},"end":{"line":54,"column":43}},{"start":{"line":54,"column":47},"end":{"line":54,"column":59}},{"start":{"line":54,"column":63},"end":{"line":54,"column":77}}]},"6":{"line":72,"type":"if","locations":[{"start":{"line":72,"column":2},"end":{"line":72,"column":2}},{"start":{"line":72,"column":2},"end":{"line":72,"column":2}}]},"7":{"line":81,"type":"binary-expr","locations":[{"start":{"line":81,"column":20},"end":{"line":81,"column":42}},{"start":{"line":81,"column":46},"end":{"line":86,"column":4}}]},"8":{"line":90,"type":"cond-expr","locations":[{"start":{"line":91,"column":6},"end":{"line":91,"column":69}},{"start":{"line":92,"column":6},"end":{"line":92,"column":70}}]},"9":{"line":115,"type":"if","locations":[{"start":{"line":115,"column":4},"end":{"line":115,"column":4}},{"start":{"line":115,"column":4},"end":{"line":115,"column":4}}]},"10":{"line":128,"type":"if","locations":[{"start":{"line":128,"column":2},"end":{"line":128,"column":2}},{"start":{"line":128,"column":2},"end":{"line":128,"column":2}}]},"11":{"line":138,"type":"if","locations":[{"start":{"line":138,"column":2},"end":{"line":138,"column":2}},{"start":{"line":138,"column":2},"end":{"line":138,"column":2}}]},"12":{"line":141,"type":"cond-expr","locations":[{"start":{"line":141,"column":26},"end":{"line":141,"column":31}},{"start":{"line":141,"column":34},"end":{"line":141,"column":38}}]},"13":{"line":143,"type":"cond-expr","locations":[{"start":{"line":143,"column":31},"end":{"line":143,"column":47}},{"start":{"line":143,"column":50},"end":{"line":143,"column":52}}]},"14":{"line":151,"type":"binary-expr","locations":[{"start":{"line":151,"column":13},"end":{"line":151,"column":20}},{"start":{"line":151,"column":24},"end":{"line":151,"column":42}}]},"15":{"line":169,"type":"if","locations":[{"start":{"line":169,"column":8},"end":{"line":169,"column":8}},{"start":{"line":169,"column":8},"end":{"line":169,"column":8}}]},"16":{"line":174,"type":"cond-expr","locations":[{"start":{"line":174,"column":44},"end":{"line":174,"column":70}},{"start":{"line":174,"column":73},"end":{"line":174,"column":84}}]},"17":{"line":178,"type":"binary-expr","locations":[{"start":{"line":178,"column":32},"end":{"line":178,"column":44}},{"start":{"line":178,"column":48},"end":{"line":178,"column":50}}]},"18":{"line":186,"type":"if","locations":[{"start":{"line":186,"column":6},"end":{"line":186,"column":6}},{"start":{"line":186,"column":6},"end":{"line":186,"column":6}}]},"19":{"line":214,"type":"if","locations":[{"start":{"line":214,"column":6},"end":{"line":214,"column":6}},{"start":{"line":214,"column":6},"end":{"line":214,"column":6}}]},"20":{"line":228,"type":"if","locations":[{"start":{"line":228,"column":2},"end":{"line":228,"column":2}},{"start":{"line":228,"column":2},"end":{"line":228,"column":2}}]},"21":{"line":236,"type":"if","locations":[{"start":{"line":236,"column":2},"end":{"line":236,"column":2}},{"start":{"line":236,"column":2},"end":{"line":236,"column":2}}]},"22":{"line":277,"type":"if","locations":[{"start":{"line":277,"column":4},"end":{"line":277,"column":4}},{"start":{"line":277,"column":4},"end":{"line":277,"column":4}}]},"23":{"line":289,"type":"binary-expr","locations":[{"start":{"line":289,"column":9},"end":{"line":289,"column":30}},{"start":{"line":290,"column":4},"end":{"line":290,"column":29}},{"start":{"line":291,"column":4},"end":{"line":291,"column":38}}]},"24":{"line":296,"type":"binary-expr","locations":[{"start":{"line":296,"column":9},"end":{"line":296,"column":28}},{"start":{"line":297,"column":4},"end":{"line":297,"column":29}},{"start":{"line":298,"column":4},"end":{"line":298,"column":38}}]},"25":{"line":305,"type":"if","locations":[{"start":{"line":305,"column":2},"end":{"line":305,"column":2}},{"start":{"line":305,"column":2},"end":{"line":305,"column":2}}]},"26":{"line":305,"type":"binary-expr","locations":[{"start":{"line":305,"column":6},"end":{"line":305,"column":38}},{"start":{"line":305,"column":42},"end":{"line":305,"column":74}}]},"27":{"line":311,"type":"if","locations":[{"start":{"line":311,"column":2},"end":{"line":311,"column":2}},{"start":{"line":311,"column":2},"end":{"line":311,"column":2}}]},"28":{"line":331,"type":"if","locations":[{"start":{"line":331,"column":2},"end":{"line":331,"column":2}},{"start":{"line":331,"column":2},"end":{"line":331,"column":2}}]},"29":{"line":346,"type":"binary-expr","locations":[{"start":{"line":346,"column":52},"end":{"line":346,"column":93}},{"start":{"line":346,"column":97},"end":{"line":346,"column":138}}]},"30":{"line":352,"type":"if","locations":[{"start":{"line":352,"column":4},"end":{"line":352,"column":4}},{"start":{"line":352,"column":4},"end":{"line":352,"column":4}}]}},"code":["var fs = require('fs');","var path = require('path');","var async = require('async');","var assert = require('assert');","var HappyThreadPool = require('./HappyThreadPool');","var HappyForegroundThreadPool = require('./HappyForegroundThreadPool');","var HappyFSCache = require('./HappyFSCache');","var HappyUtils = require('./HappyUtils');","var WebpackUtils = require('./WebpackUtils');","var OptionParser = require('./OptionParser');","var JSONSerializer = require('./JSONSerializer');","var SourceMapSerializer = require('./SourceMapSerializer');","var fnOnce = require('./fnOnce');","var pkg = require('../package.json');","","function HappyPlugin(userConfig) {","  if (!(this instanceof HappyPlugin)) {","    return new HappyPlugin(userConfig);","  }","","  this.name = 'HappyPack';","  this.state = {","    started: false,","    loaders: [],","    baseLoaderRequest: '',","    foregroundThreadPool: null,","    verbose: false,","    debug: false,","  };","","  this.config = OptionParser(userConfig, {","    id:                       { type: 'string', default: '1' },","    compilerId:               { type: 'string', default: 'default' },","    tempDir:                  { type: 'string', default: '.happypack' },","    threads:                  { type: 'number', default: 3 },","    threadPool:               { type: 'object', default: null },","    cache:                    { type: 'boolean', default: true },","    cachePath:                { type: 'string' },","    cacheContext:             { type: 'object', default: {} },","    cacheSignatureGenerator:  { type: 'function' },","    verbose:                  { type: 'boolean', default: true },","    verboseWhenProfiling:     { type: 'boolean', default: false },","    debug:                    { type: 'boolean', default: process.env.DEBUG === '1' },","    enabled:                  { type: 'boolean', default: true },","    loaders:                  {","      validate: function(value) {","        if (!Array.isArray(value)) {","          return 'Loaders must be an array!';","        }","        else if (value.length === 0) {","          return 'You must specify at least one loader!';","        }","        else if (value.some(function(loader) {","          return typeof loader !== 'string' && !loader.path && !loader.loader;","        })) {","          return 'Loader must have a @path or @loader property or be a string.'","        }","      },","    }","  }, \"HappyPack[\" + this.id + \"]\");","","  this.id = this.config.id;","","  HappyUtils.mkdirSync(this.config.tempDir);","","  return this;","}","","HappyPlugin.prototype.apply = function(compiler) {","  var that, engageWatchMode;","","  if (this.config.enabled === false) {","    return;","  }","","  that = this;","","  this.state.verbose = isVerbose(compiler, this);","  this.state.debug = isDebug(compiler, this);","","  this.threadPool = this.config.threadPool || HappyThreadPool({","    id: this.id,","    size: this.config.threads,","    verbose: this.state.verbose,","    debug: this.state.debug,","  });","","  this.cache = HappyFSCache({","    id: this.id,","    path: this.config.cachePath ?","      path.resolve(this.config.cachePath.replace(/\\[id\\]/g, this.id)) :","      path.resolve(this.config.tempDir, 'cache--' + this.id + '.json'),","    verbose: this.state.verbose,","    generateSignature: this.config.cacheSignatureGenerator","  });","","  engageWatchMode = fnOnce(function() {","    // Once the initial build has completed, we create a foreground worker and","    // perform all compilations in this thread instead:","    compiler.plugin('done', function() {","      that.state.foregroundThreadPool = HappyForegroundThreadPool({","        loaders: that.state.loaders,","      });","","      that.state.foregroundThreadPool.start(that.config.compilerId, compiler, '{}', Function.prototype);","    });","","    // TODO: anything special to do here?","    compiler.plugin('failed', function(err) {","      console.warn('fatal watch error!!!', err);","    });","  });","","  compiler.plugin('watch-run', function(_, done) {","    if (engageWatchMode() === fnOnce.ALREADY_CALLED) {","      done();","    }","    else {","      that.start(compiler, done);","    }","  });","","  compiler.plugin('run', that.start.bind(that));","","  // cleanup hooks:","  compiler.plugin('done', that.stop.bind(that));","","  if (compiler.options.bail) {","    compiler.plugin('compilation', function(compilation) {","      compilation.plugin('failed-module', that.stop.bind(that));","    });","  }","};","","HappyPlugin.prototype.start = function(compiler, done) {","  var that = this;","","  if (that.state.verbose) {","    console.log('Happy[%s]: Version: %s. Using cache? %s. Threads: %d%s',","      that.id, pkg.version,","      that.config.cache ? 'yes' : 'no',","      that.threadPool.size,","      that.config.threadPool ? ' (shared pool)' : ''","    );","  }","","  async.series([","    function normalizeLoaders(callback) {","      var loaders = that.config.loaders;","","      assert(loaders && loaders.length > 0,","        \"HappyPlugin[\" + that.id + \"]; you have not specified any loaders \" +","        \"and there is no matching loader entry with this id either.\"","      );","","      that.state.loaders = loaders.reduce(function(list, entry) {","        return list.concat(WebpackUtils.normalizeLoader(entry));","      }, []);","","      callback(null);","    },","","    function resolveLoaders(callback) {","      var loaderPaths = that.state.loaders.map(function(loader) {","        return loader.path;","      });","","      WebpackUtils.resolveLoaders(compiler, loaderPaths, function(err, resolvedPaths) {","        if (err) return callback(err);","","        resolvedPaths.forEach(function (resolvedPath, index) {","          var loader = that.state.loaders[index];","          loader.path = resolvedPath;","          loader.request = (loader.query) ? loader.path + loader.query : loader.path;","        });","","        that.state.baseLoaderRequest = that.state.loaders.map(function(loader) {","          return loader.path + (loader.query || '');","        }).join('!');","","        callback();","      });","    },","","    function loadCache(callback) {","      if (that.config.cache) {","        that.cache.load({","          loaders: that.state.loaders,","          external: that.config.cacheContext","        });","      }","","      callback();","    },","","    function launchAndConfigureThreads(callback) {","      var serializedOptions;","      var compilerOptions = HappyPlugin.extractCompilerOptions(compiler.options);","","      try {","        serializedOptions = JSONSerializer.serialize(compilerOptions);","      }","      catch(e) {","        console.error('Happy[%s]: Unable to serialize options!!! This is an internal error.', that.id);","        console.error(compilerOptions);","","        return callback(e);","      }","","      that.threadPool.start(that.config.compilerId, compiler, serializedOptions, callback);","    },","","    function markStarted(callback) {","      if (that.state.verbose) {","        console.log('Happy[%s]: All set; signalling webpack to proceed.', that.id);","      }","","      that.state.started = true;","","      callback();","    }","  ], done);","};","","HappyPlugin.prototype.stop = function() {","  assert(this.state.started, \"HappyPlugin can not be torn down until started!\");","","  if (this.config.cache) {","    this.cache.save();","  }","","  this.threadPool.stop(this.config.compilerId);","};","","HappyPlugin.prototype.compile = function(loader, loaderContext, done) {","  if (this.state.foregroundThreadPool) {","    return compileInForeground.call(this, loader, loaderContext, done);","  }","  else {","    return compileInBackground.call(this, loader, loaderContext, done);","  }","};","","HappyPlugin.prototype.generateRequest = function(resource) {","  return this.state.baseLoaderRequest + '!' + resource;","};","","// export this so that users get to override if needed","HappyPlugin.SERIALIZABLE_OPTIONS = [","  'amd',","  'bail',","  'cache',","  'context',","  'entry',","  'externals',","  'debug',","  'devtool',","  'devServer',","  'loader',","  'module',","  'node',","  'output',","  'profile',","  'recordsPath',","  'recordsInputPath',","  'recordsOutputPath',","  'resolve',","  'resolveLoader',","  'target',","  'watch',","];","","HappyPlugin.extractCompilerOptions = function(options) {","  var ALLOWED_KEYS = HappyPlugin.SERIALIZABLE_OPTIONS;","","  return Object.keys(options).reduce(function(hsh, key) {","    if (ALLOWED_KEYS.indexOf(key) > -1) {","      hsh[key] = options[key];","    }","","    return hsh;","  }, {});","};","","// convenience accessor to relieve people from requiring the file directly:","HappyPlugin.ThreadPool = HappyThreadPool;","","function isVerbose(compiler, plugin) {","  return plugin.config.verbose && (","    !compiler.options.profile ||","    plugin.config.verboseWhenProfiling","  );","};","","function
[...]
d\\]/g, function() {","      return guid();","    }).replace(/\\[gid\\]/g, function() {","      return ++gid;","    })","  ;","}","","/**"," * @module TestUtils.IntegrationSuite"," *"," * @param {mocha} mochaSuite"," * @param {Object} suiteOptions"," * @param {Number} [suiteOptions.timeout=2000]"," */","function IntegrationSuite2(mochaSuite, suiteOptions) {","  var sandbox;","  var testSuite = {};","  var suiteRoot = interpolateGUID(path.join(__dirname, '../tmp/test-repo__[gid]-[guid]'));","","  suiteOptions = suiteOptions || {};","","  var timeout = process.env.HAPPY_TEST_TIMEOUT ?","    parseInt(process.env.HAPPY_TEST_TIMEOUT, 10) :","    suiteOptions.timeout || 2000","  ;","","  mochaSuite.timeout(timeout);","","  mochaSuite.beforeEach(function() {","    fs.removeSync(CACHE_DIR);","    fs.ensureDirSync(suiteRoot);","  });","","  mochaSuite.afterEach(function() {","    if (sandbox) {","      sandbox.restore();","      sandbox = null;","    }","","    fs.removeSync(CACHE_DIR);","","    if (process.env.HAPPY_TEST_ARTIFACTS !== '1') {","      fs.removeSync(suiteRoot);","    }","  });","","  /**","   * Create a temporary file.","   *","   * @param  {String} fileName","   *         Relative file path.","   *","   * @param  {String|Function} contentsFn","   *         The contents of the file. If it's a function, we'll multiline-slash","   *         it.","   *","   * @return {Object} file","   * @return {String} file.path","   * @return {String} file.contents","   */","  testSuite.createFile = function(fileName, contentsFn) {","    var filePath = path.join(suiteRoot, fileName || '~file-[gid]');","    var contents = contentsFn instanceof Function ? multiline(contentsFn) : contentsFn;","","    fs.ensureDirSync(path.dirname(filePath));","    fs.writeFileSync(filePath, contents, 'utf-8');","","    return { path: filePath, contents: contents };","  };","","  testSuite.createDirectory = function(fileName) {","    var filePath = path.join(suiteRoot, fileName);","","    fs.ensureDirSync(filePath);","","    return { path: filePath };","  };","","  testSuite.resolve = function() {","    return path.join.apply(path, [ suiteRoot ].concat([].slice.call(arguments)));","  };","","  testSuite.getSinonSandbox = function() {","    if (!sandbox) {","      sandbox = sinon.sandbox.create({ useFakeTimers: false, useFakeServer: false });","    }","","    return sandbox;","  };","","  testSuite.createLoader = function(impl, query) {","    return testSuite.createLoaderFromString('module.exports = ' + impl.toString(), query);","  };","","  testSuite.createLoaderFromString = function(string, query) {","    var loaderName = interpolateGUID('auto-generated-[gid]');","    var filePath = testSuite.resolve(loaderName + '-loader.js');","","    fs.writeFileSync(filePath, string, 'utf-8');","","    return { _name: loaderName, path: filePath, query: query };","  };","","  // Listen for HappyLoader instances registering themselves to HappyRPCHandler,","  // grab that instance, and yield it so that you can install your spies and such.","  //","  // @return {Function}","  //   Returns the latest active loader instance, if any.","  testSuite.spyOnActiveLoader = function(fn) {","    var registerActiveLoader = HappyRPCHandler.prototype.registerActiveLoader;","    var happyLoader;","","    sandbox.stub(HappyRPCHandler.prototype, 'registerActiveLoader', function(id, loader) {","      happyLoader = loader;","","      if (fn) {","        fn(happyLoader);","      }","","      return registerActiveLoader.apply(this, arguments);","    });","","    Object.defineProperty(testSuite, 'activeLoader', {","      configurable: true,","      enumerable: false,","      get: function() {","        return happyLoader;","      }","    });","","    cleanups.push(function() {","      happyLoader = null;","    });","","    return function() { return happyLoader; };","  };","","  return testSuite;","};","","exports.IntegrationSuite2 = IntegrationSuite2;"],"l":{"1":2,"2":2,"3":0,"4":0,"5":0,"6":0,"7":0,"8":0,"9":0,"11":0,"13":0,"14":0,"15":0,"18":0,"21":0,"22":0,"23":0,"24":0,"27":0,"28":0,"31":0,"32":0,"33":0,"34":0,"37":0,"39":0,"40":0,"41":0,"44":0,"45":0,"46":0,"51":1,"52":1,"53":0,"57":0,"61":1,"62":0,"64":0,"66":0,"78":1,"79":0,"80":0,"81":0,"83":0,"85":0,"90":0,"92":0,"93":0,"94":0,"97":0,"98":0,"99":0,"100":0,"103":0,"105":0,"106":0,"124":0,"125":0,"126":0,"128":0,"129":0,"131":0,"134":0,"135":0,"137":0,"139":0,"142":0,"143":0,"146":0,"147":0,"148":0,"151":0,"154":0,"155":0,"158":0,"159":0,"160":0,"162":0,"164":0,"172":0,"173":0,"174":0,"176":0,"177":0,"179":0,"180":0,"183":0,"186":0,"190":0,"194":0,"195":0,"198":0,"201":0,"204":0}},"/home/travis/build/npmtest/node-npmtest-happypack/node_modules/happypack/lib/HappyWorkerChannel.js":{"path":"/home/travis/build/npmtest/node-npmtest-happypack/node_modules/happypack/lib/HappyWorkerChannel.js","s":{"1":1,"2":1,"3":1,"4":1,"5":0,"6":1,"7":0,"8":1,"9":0,"10":0,"11":0,"12":0,"13":0,"14":0,"15":0,"16":0,"17":0,"18":0,"19":1,"20":0,"21":0,"22":0,"23":0,"24":1,"25":0,"26":1,"27":0,"28":1,"29":0,"30":0,"31":0,"32":0,"33":1},"b":{"1":[0,1],"2":[0,0],"3":[0,0]},"f":{"1":0,"2":0,"3":0,"4":0,"5":0,"6":0,"7":0,"8":0,"9":0,"10":0},"fnMap":{"1":{"name":"startAsWorker","line":11,"loc":{"start":{"line":11,"column":0},"end":{"line":11,"column":25}}},"2":{"name":"HappyWorkerChannel","line":15,"loc":{"start":{"line":15,"column":0},"end":{"line":15,"column":40}}},"3":{"name":"(anonymous_3)","line":19,"loc":{"start":{"line":19,"column":15},"end":{"line":19,"column":33}}},"4":{"name":"(anonymous_4)","line":30,"loc":{"start":{"line":30,"column":13},"end":{"line":30,"column":31}}},"5":{"name":"(anonymous_5)","line":32,"loc":{"start":{"line":32,"column":31},"end":{"line":32,"column":48}}},"6":{"name":"(anonymous_6)","line":44,"loc":{"start":{"line":44,"column":23},"end":{"line":44,"column":41}}},"7":{"name":"accept","line":54,"loc":{"start":{"line":54,"column":2},"end":{"line":54,"column":27}}},"8":{"name":"getFakeCompiler","line":65,"loc":{"start":{"line":65,"column":2},"end":{"line":65,"column":39}}},"9":{"name":"getWorker","line":69,"loc":{"start":{"line":69,"column":2},"end":{"line":69,"column":33}}},"10":{"name":"findOrCreateFakeCompiler","line":73,"loc":{"start":{"line":73,"column":2},"end":{"line":73,"column":48}}}},"statementMap":{"1":{"start":{"line":3,"column":0},"end":{"line":3,"column":49}},"2":{"start":{"line":4,"column":0},"end":{"line":4,"column":55}},"3":{"start":{"line":5,"column":0},"end":{"line":5,"column":43}},"4":{"start":{"line":7,"column":0},"end":{"line":9,"column":1}},"5":{"start":{"line":8,"column":2},"end":{"line":8,"column":18}},"6":{"start":{"line":11,"column":0},"end":{"line":13,"column":1}},"7":{"start":{"line":12,"column":2},"end":{"line":12,"column":55}},"8":{"start":{"line":15,"column":0},"end":{"line":88,"column":1}},"9":{"start":{"line":16,"column":2},"end":{"line":16,"column":25}},"10":{"start":{"line":17,"column":2},"end":{"line":17,"column":19}},"11":{"start":{"line":18,"column":2},"end":{"line":49,"column":4}},"12":{"start":{"line":20,"column":6},"end":{"line":22,"column":7}},"13":{"start":{"line":24,"column":6},"end":{"line":27,"column":9}},"14":{"start":{"line":31,"column":6},"end":{"line":41,"column":7}},"15":{"start":{"line":33,"column":10},"end":{"line":39,"column":13}},"16":{"start":{"line":45,"column":6},"end":{"line":47,"column":7}},"17":{"start":{"line":51,"column":2},"end":{"line":51,"column":31}},"18":{"start":{"line":52,"column":2},"end":{"line":52,"column":33}},"19":{"start":{"line":54,"column":2},"end":{"line":63,"column":3}},"20":{"start":{"line":55,"column":4},"end":{"line":55,"column":41}},"21":{"start":{"line":57,"column":4},"end":{"line":62,"column":5}},"22":{"start":{"line":58,"column":6},"end":{"line":58,"column":57}},"23":{"start":{"line":61,"column":6},"end":{"line":61,"column":23}},"24":{"start":{"line":65,"column":2},"end":{"line":67,"column":3}},"25":{"start":{"line":66,"column":4},"end":{"line":66,"column":37}},"26":{"start":{"line":69,"column":2},"end":{"line":71,"column":3}},"27":{"start":{"line":70,"column":4},"end":{"line":70,"column":31}},"28":{"start":{"line":73,"column":2},"end":{"line":87,"column":3}},"29":{"start":{"line":74,"column":4},"end":{"line":84,"column":5}},"30":{"start":{"line":75,"column":6},"end":{"line":79,"column":9}},"31":{"start":{"line":81,"column":6},"end":{"line":83,"column":9}},"32":{"start":{"line":86,"column":4},"end":{"line":86,"column":37}},"33":{"start":{"line":90,"column":0},"end":{"line":90,"column":36}}},"branchMap":{"1":{"line":7,"type":"if","locations":[{"start":{"line":7,"column":0},"end":{"line":7,"column":0}},{"start":{"line":7,"column":0},"end":{"line":7,"column":0}}]},"2":{"line":57,"type":"if","locations":[{"start":{"line":57,"column":4},"end":{"line":57,"column":4}},{"start":{"line":57,"column":4},"end":{"line":57,"column":4}}]},"3":{"line":74,"type":"if","locations":[{"start":{"line":74,"column":4},"end":{"line":74,"column":4}},{"start":{"line":74,"column":4},"end":{"line":74,"column":4}}]}},"code":["//#!/usr/bin/env node","","var JSONSerializer = require('./JSONSerializer');","var HappyFakeCompiler = require('./HappyFakeCompiler');","var HappyWorker = require('./HappyWorker');","","if (process.argv[1] === __filename) {","  startAsWorker();","}","","function startAsWorker() {","  HappyWorkerChannel(String(process.argv[2]), process);","}","","function HappyWorkerChannel(id, stream) {","  var fakeCompilers = {};","  var workers = {};","  var handlers = {","    CONFIGURE: function(message) {","      findOrCreateFakeCompiler(message.data.compilerId)","        .configure(JSONSerializer.deserialize(message.data.compilerOptions))","      ;","","      stream.send({","        id: message.id,","        name: 'CONFIGURE_DONE'","      });","    },","","    COMPILE: function(message) {","      getWorker(message.data.loaderContext.compilerId)","        .compile(message.data, function(result) {","          stream.send({","            id: message.id,","            name: 'COMPILED',","            sourcePath: result.sourcePath,","            compiledPath: result.compiledPath,","            success: result.success","          });","        })","      ;","    },","","    COMPILER_RESPONSE: function(message) {","      getFakeCompiler(message.data.compilerId)","        ._handleResponse(message.id, message.data)","      ;","    },","  };","","  stream.on('message', accept);","  stream.send({ name: 'READY' });","","  function accept(message) {","    var handler = handlers[message.name];","","    if (!handler) {","      console.warn('ignoring unknown message:', message);","    }","    else {","      handler(message);","    }","  }","","  function getFakeCompiler(compilerId) {","    return fakeCompilers[compilerId];","  }","","  function getWorker(compilerId) {","    return workers[compilerId];","  }","","  function findOrCreateFakeCompiler(compilerId) {","    if (!fakeCompilers[compilerId]) {","      fakeCompilers[compilerId] = new HappyFakeCompiler({","        id: id,","        compilerId: compilerId,","        send: stream.send.bind(stream)","      });","","      workers[compilerId] = new HappyWorker({","        compiler: fakeCompilers[compilerId]","      });","    }","","    return fakeCompilers[compilerId];","  }","}","","module.exports = HappyWorkerChannel;"],"l":{"3":1,"4":1,"5":1,"7":1,"8":0,"11":1,"12":0,"15":1,"16":0,"17":0,"18":0,"20":0,"24":0,"31":0,"33":0,"45":0,"51":0,"52":0,"54":1,"55":0,"57":0,"58":0,"61":0,"65":1,"66":0,"69":1,"70":0,"73":1,"74":0,"75":0,"81":0,"86":0,"90":1}},"/home/travis/build/npmtest/node-npmtest-happypack/node_modules/happypack/scripts/loader-support-status/index.js":{"path":"/home/travis/build/npmtest/node-npmtest-happypack/node_modules/happypack/scripts/loader-support-status/index.js","s":{"1":2,"2":2,"3":0,"4":0,"5":0,"6":0,"7":0,"8":0,"9":0,"10":0,"11":0,"12":0,"13":0,"14":0,"15":0,"16":0,"17":0,"18":0,"19":0,"20":0,"21":0,"22":0,"23":0,"24":0,"25":0,"26":0,"27":0,"28":0,"29":0,"30":0,"31":0,"32":0,"33":0,"34":0,"35":0,"36":0},"b":{"1":[0,0],"2":[0,0],"3":[0,0],"4":[0,0],"5":[0,0],"6":[0,0]},"f":{"1":0,"2":0,"3":0,"4":0,"5":0},"fnMap":{"1":{"name":"(anonymous_1)","line":50,"loc":{"start":{"line":50,"column":3},"end":{"line":50,"column":27}}},"2":{"name":"(anonymous_2)","line":63,"loc":{"start":{"line":63,"column":44},"end":{"line":63,"column":58}}},"3":{"name":"(anonymous_3)","line":79,"loc":{"start":{"line":79,"column":35},"end":{"line":79,"column":56}}},"4":{"name":"(anonymous_4)","line":90,"loc":{"start":{"line":90,"column":33},"end":{"line":90,"column":54}}},"5":{"name":"(anonymous_5)","line":101,"loc":{"start":{"line":101,"column":34},"end":{"line":101,"column":55}}}},"statementMap":{"1":{"start":{"line":3,"column":0},"end":{"line":3,"column":36}},"2":{"start":{"line":4,"column":0},"end":{"line":4,"column":33}},"3":{"start":{"line":5,"column":0},"end":{"line":5,"column":23}},"4":{"start":{"line":6,"column":0},"end":{"line":6,"column":27}},"5":{"start":{"line":8,"column":0},"end":{"line":8,"column":50}},"6":{"start":{"line":9,"column":0},"end":{"line":12,"column":2}},"7":{"start":{"line":14,"column":0},"end":{"line":17,"column":1}},"8":{"start":{"line":19,"column":0},"end":{"line":110,"column":3}},"9":{"start":{"line":51,"column":2},"end":{"line":53,"column":3}},"10":{"start":{"line":52,"column":4},"end":{"line":52,"column":14}},"11":{"start":{"line":55,"column":2},"end":{"line":55,"column":56}},"12":{"start":{"line":56,"column":2},"end":{"line":56,"column":60}},"13":{"start":{"line":57,"column":2},"end":{"line":61,"column":4}},"14":{"start":{"line":63,"column":2},"end":{"line":73,"column":5}},"15":{"start":{"line":64,"column":4},"end":{"line":72,"column":5}},"16":{"start":{"line":65,"column":6},"end":{"line":65,"column":30}},"17":{"start":{"line":67,"column":9},"end":{"line":72,"column":5}},"18":{"start":{"line":68,"column":6},"end":{"line":68,"column":31}},"19":{"start":{"line":71,"column":6},"end":{"line":71,"column":32}},"20":{"start":{"line":75,"column":2},"end":{"line":84,"column":3}},"21":{"start":{"line":76,"column":4},"end":{"line":76,"column":41}},"22":{"start":{"line":77,"column":4},"end":{"line":77,"column":37}},"23":{"start":{"line":79,"column":4},"end":{"line":81,"column":7}},"24":{"start":{"line":80,"column":6},"end":{"line":80,"column":85}},"25":{"start":{"line":83,"column":4},"end":{"line":83,"column":20}},"26":{"start":{"line":86,"column":2},"end":{"line":95,"column":3}},"27":{"start":{"line":87,"column":4},"end":{"line":87,"column":39}},"28":{"start":{"line":88,"column":4},"end":{"line":88,"column":37}},"29":{"start":{"line":90,"column":4},"end":{"line":92,"column":7}},"30":{"start":{"line":91,"column":6},"end":{"line":91,"column":85}},"31":{"start":{"line":94,"column":4},"end":{"line":94,"column":20}},"32":{"start":{"line":97,"column":2},"end":{"line":109,"column":3}},"33":{"start":{"line":98,"column":4},"end":{"line":98,"column":43}},"34":{"start":{"line":99,"column":4},"end":{"line":99,"column":37}},"35":{"start":{"line":101,"column":4},"end":{"line":108,"column":7}},"36":{"start":{"line":102,"column":6},"end":{"line":107,"column":8}}},"branchMap":{"1":{"line":51,"type":"if","locations":[{"start":{"line":51,"column":2},"end":{"line":51,"column":2}},{"start":{"line":51,"column":2},"end":{"line":51,"column":2}}]},"2":{"line":64,"type":"if","locations":[{"start":{"line":64,"column":4},"end":{"line":64,"column":4}},{"start":{"line":64,"column":4},"end":{"line":64,"column":4}}]},"3":{"line":67,"type":"if","locations":[{"start":{"line":67,"column":9},"end":{"line":67,"column":9}},{"start":{"line":67,"column":9},"end":{"line":67,"column":9}}]},"4":{"line":75,"type":"if","locations":[{"start":{"line":75,"column":2},"end":{"line":75,"column":2}},{"start":{"line":75,"column":2},"end":{"line":75,"column":2}}]},"5":{"line":86,"type":"if","locations":[{"start":{"line":86,"column":2},"end":{"line":86,"column":2}},{"start":{"line":86,"column":2},"end":{"line":86,"column":2}}]},"6":{"line":97,"type":"if","locations":[{"start":{"line":97,"column":2},"end":{"line":97,"column":2}},{"start":{"line":97,"column":2},"end":{"line":97,"column":2}}]}},"code":["//#!/usr/bin/env node","","var HappyPlugin = require('../../');","var webpack = require('webpack');","var fs = require('fs');","var path = require('path');","","var loader = path.resolve(__dirname, 'loader.js');","var inputPaths = {","  webpack: path.resolve(__dirname, 'lib/a.js'),","  happypack: path.resolve(__dirname, 'lib/b.js'),","};","","var statPaths = {","  webpack: path.resolve(__dirname, 'dist/a.json'),","  happypack: path.resolve(__dirname, 'dist/b.json'),","}","","webpack({","  entry: [ inputPaths.webpack, inputPaths.happypack ],","  output: {","    path: path.resolve(__dirname, 'dist'),","    filename: '[name].js'","  },","  bail: true,","","  module: {","    loaders: [","      {","        test: /a\\.js$/,","        loader: loader + '?out=' + statPaths.webpack","      },","      {","        test: /b\\.js$/,","        loader: path.resolve(__dirname, '../../loader')","      }","    ]","  },","","  plugins: [","    new HappyPlugin({","      loaders: [","        loader + '?out=' + statPaths.happypack","      ],","      threads: 1,","      cache: false,","      verbose: false","    })","  ]","}, function(err, rawStats) {","  if (err) {","    throw err;","  }","","  var webpackLoaderContext = require(statPaths.webpack);","  var happypackLoaderContext = require(statPaths.happypack);","  var stats = {","    missing: [],","    mismatch: [],","    supported: []","  };","","  Object.keys(webpackLoaderContext).forEach(function(key) {","    if (!happypackLoaderContext.hasOwnProperty(key)) {","      stats.missing.push(key);","    }","    else if (webpackLoaderContext[key] !== happypackLoaderContext[key]) {","      stats.mismatch.push(key);","    }","    else {","      stats.supported.push(key);","    }","  });","","  if (stats.supported.length) {","    console.log('Supported properties:');","    console.log(Array(72).join('-'));","","    stats.supported.sort().forEach(function(key, index) {","      console.warn('%d. \"%s\" of type \"%s\"', index+1, key, webpackLoaderContext[key]);","    });","","    console.log('');","  }","","  if (stats.missing.length) {","    console.log('Missing properties:');","    console.log(Array(72).join('-'));","","    stats.missing.sort().forEach(function(key, index) {","      console.warn('%d. \"%s\" of type \"%s\"', index+1, key, webpackLoaderContext[key]);","    });","","    console.log('');","  }","","  if (stats.mismatch.length) {","    console.log('Property type mismatch:');","    console.log(Array(72).join('-'));","","    stats.mismatch.sort().forEach(function(key, index) {","      console.warn('%d. \"%s\" is of type \"%s\" in webpack, but \"%s\" in happypack.',","        index+1,","        key,","        webpackLoaderContext[key],","        happypackLoaderContext[key]","      );","    });","  }","});"],"l":{"3":2,"4":2,"5":0,"6":0,"8":0,"9":0,"14":0,"19":0,"51":0,"52":0,"55":0,"56":0,"57":0,"63":0,"64":0,"65":0,"67":0,"68":0,"71":0,"75":0,"76":0,"77":0,"79":0,"80":0,"83":0,"86":0,"87":0,"88":0,"90":0,"91":0,"94":0,"97":0,"98":0,"99":0,"101":0,"102":0}},"/home/travis/build/npmtest/node-npmtest-happypack/node_modules/happypack/scripts/loader-support-status/lib/a.js":{"path":"/home/travis/build/npmtest/node-npmtest-happypack/node_modules/happypack/scripts/loader-support-status/lib/a.js","s":{"1":1},"b":{},"f":{},"fnMap":{},"statementMap":{"1":{"start":{"line":1,"column":0},"end":{"line":1,"column":6}}},"branchMap":{},"code":["var a;"],"l":{"1":1}},"/home/travis/build/npmtest/node-npmtest-happypack/node_modules/happypack/scripts/loader-support-status/lib/b.js":{"path":"/home/travis/build/npmtest/node-npmtest-happypack/node_modules/happypack/scripts/loader-support-status/lib/b.js","s":{"1":1},"b":{},"f":{},"fnMap":{},"statementMap":{"1":{"start":{"line":1,"column":0},"end":{"line":1,"column":6}}},"branchMap":{},"code":["var b;"],"l":{"1":1}}}